{"/sources/github/corymickelson/npdf/dist/_all.spec.js":{"path":"/sources/github/corymickelson/npdf/dist/_all.spec.js","statementMap":{"0":{"start":{"line":2,"column":0},"end":{"line":2,"column":27}},"1":{"start":{"line":3,"column":0},"end":{"line":3,"column":24}},"2":{"start":{"line":4,"column":0},"end":{"line":4,"column":25}},"3":{"start":{"line":5,"column":0},"end":{"line":5,"column":23}},"4":{"start":{"line":6,"column":0},"end":{"line":6,"column":26}},"5":{"start":{"line":7,"column":0},"end":{"line":7,"column":25}},"6":{"start":{"line":8,"column":0},"end":{"line":8,"column":25}}},"fnMap":{},"branchMap":{},"s":{"0":1,"1":1,"2":1,"3":1,"4":1,"5":1,"6":1},"f":{},"b":{},"_coverageSchema":"332fd63041d2c1bcb487cc26dd0d5f7d97098a6c","hash":"40179c554816c9a6efa5bb7b99043aa8f94a33fc","contentHash":"6dbb5361d79744d6ad45945dbf91cb8b_11.4.1"},"/sources/github/corymickelson/npdf/dist/document.spec.js":{"path":"/sources/github/corymickelson/npdf/dist/document.spec.js","statementMap":{"0":{"start":{"line":2,"column":0},"end":{"line":2,"column":62}},"1":{"start":{"line":3,"column":13},"end":{"line":3,"column":26}},"2":{"start":{"line":4,"column":15},"end":{"line":4,"column":30}},"3":{"start":{"line":5,"column":12},"end":{"line":5,"column":27}},"4":{"start":{"line":6,"column":19},"end":{"line":6,"column":40}},"5":{"start":{"line":7,"column":20},"end":{"line":7,"column":40}},"6":{"start":{"line":8,"column":15},"end":{"line":8,"column":30}},"7":{"start":{"line":9,"column":17},"end":{"line":9,"column":69}},"8":{"start":{"line":9,"column":80},"end":{"line":9,"column":131}},"9":{"start":{"line":10,"column":0},"end":{"line":10,"column":56}},"10":{"start":{"line":10,"column":28},"end":{"line":10,"column":55}},"11":{"start":{"line":10,"column":47},"end":{"line":10,"column":54}},"12":{"start":{"line":11,"column":0},"end":{"line":143,"column":3}},"13":{"start":{"line":12,"column":4},"end":{"line":142,"column":7}},"14":{"start":{"line":13,"column":20},"end":{"line":13,"column":53}},"15":{"start":{"line":14,"column":8},"end":{"line":61,"column":11}},"16":{"start":{"line":15,"column":12},"end":{"line":20,"column":15}},"17":{"start":{"line":16,"column":16},"end":{"line":17,"column":54}},"18":{"start":{"line":17,"column":20},"end":{"line":17,"column":54}},"19":{"start":{"line":18,"column":16},"end":{"line":18,"column":73}},"20":{"start":{"line":19,"column":16},"end":{"line":19,"column":31}},"21":{"start":{"line":21,"column":12},"end":{"line":26,"column":15}},"22":{"start":{"line":22,"column":16},"end":{"line":22,"column":70}},"23":{"start":{"line":23,"column":16},"end":{"line":23,"column":74}},"24":{"start":{"line":23,"column":31},"end":{"line":23,"column":43}},"25":{"start":{"line":24,"column":16},"end":{"line":24,"column":104}},"26":{"start":{"line":24,"column":37},"end":{"line":24,"column":48}},"27":{"start":{"line":25,"column":16},"end":{"line":25,"column":31}},"28":{"start":{"line":27,"column":12},"end":{"line":32,"column":15}},"29":{"start":{"line":28,"column":27},"end":{"line":28,"column":111}},"30":{"start":{"line":29,"column":26},"end":{"line":29,"column":43}},"31":{"start":{"line":30,"column":16},"end":{"line":30,"column":24}},"32":{"start":{"line":31,"column":16},"end":{"line":31,"column":31}},"33":{"start":{"line":33,"column":12},"end":{"line":39,"column":15}},"34":{"start":{"line":34,"column":36},"end":{"line":34,"column":54}},"35":{"start":{"line":35,"column":16},"end":{"line":35,"column":34}},"36":{"start":{"line":36,"column":35},"end":{"line":36,"column":53}},"37":{"start":{"line":37,"column":16},"end":{"line":37,"column":100}},"38":{"start":{"line":38,"column":16},"end":{"line":38,"column":31}},"39":{"start":{"line":40,"column":12},"end":{"line":44,"column":15}},"40":{"start":{"line":41,"column":16},"end":{"line":41,"column":85}},"41":{"start":{"line":42,"column":16},"end":{"line":42,"column":80}},"42":{"start":{"line":43,"column":16},"end":{"line":43,"column":31}},"43":{"start":{"line":45,"column":12},"end":{"line":60,"column":15}},"44":{"start":{"line":46,"column":32},"end":{"line":46,"column":52}},"45":{"start":{"line":47,"column":16},"end":{"line":59,"column":28}},"46":{"start":{"line":48,"column":20},"end":{"line":49,"column":59}},"47":{"start":{"line":49,"column":24},"end":{"line":49,"column":59}},"48":{"start":{"line":50,"column":20},"end":{"line":58,"column":23}},"49":{"start":{"line":51,"column":24},"end":{"line":57,"column":25}},"50":{"start":{"line":52,"column":28},"end":{"line":52,"column":63}},"51":{"start":{"line":54,"column":28},"end":{"line":54,"column":53}},"52":{"start":{"line":55,"column":28},"end":{"line":55,"column":73}},"53":{"start":{"line":56,"column":28},"end":{"line":56,"column":43}},"54":{"start":{"line":62,"column":8},"end":{"line":85,"column":11}},"55":{"start":{"line":63,"column":12},"end":{"line":63,"column":29}},"56":{"start":{"line":64,"column":12},"end":{"line":74,"column":15}},"57":{"start":{"line":65,"column":28},"end":{"line":65,"column":59}},"58":{"start":{"line":66,"column":16},"end":{"line":73,"column":19}},"59":{"start":{"line":67,"column":20},"end":{"line":67,"column":73}},"60":{"start":{"line":70,"column":20},"end":{"line":70,"column":71}},"61":{"start":{"line":71,"column":20},"end":{"line":71,"column":88}},"62":{"start":{"line":72,"column":20},"end":{"line":72,"column":35}},"63":{"start":{"line":75,"column":12},"end":{"line":84,"column":15}},"64":{"start":{"line":76,"column":26},"end":{"line":76,"column":62}},"65":{"start":{"line":77,"column":16},"end":{"line":83,"column":19}},"66":{"start":{"line":78,"column":20},"end":{"line":78,"column":73}},"67":{"start":{"line":81,"column":20},"end":{"line":81,"column":61}},"68":{"start":{"line":82,"column":20},"end":{"line":82,"column":35}},"69":{"start":{"line":86,"column":8},"end":{"line":103,"column":11}},"70":{"start":{"line":87,"column":24},"end":{"line":87,"column":57}},"71":{"start":{"line":87,"column":69},"end":{"line":87,"column":89}},"72":{"start":{"line":88,"column":12},"end":{"line":102,"column":15}},"73":{"start":{"line":89,"column":33},"end":{"line":89,"column":51}},"74":{"start":{"line":90,"column":16},"end":{"line":90,"column":44}},"75":{"start":{"line":91,"column":16},"end":{"line":101,"column":28}},"76":{"start":{"line":92,"column":20},"end":{"line":93,"column":49}},"77":{"start":{"line":93,"column":24},"end":{"line":93,"column":49}},"78":{"start":{"line":94,"column":33},"end":{"line":94,"column":65}},"79":{"start":{"line":95,"column":20},"end":{"line":100,"column":23}},"80":{"start":{"line":96,"column":37},"end":{"line":96,"column":56}},"81":{"start":{"line":97,"column":24},"end":{"line":97,"column":86}},"82":{"start":{"line":98,"column":24},"end":{"line":98,"column":49}},"83":{"start":{"line":99,"column":24},"end":{"line":99,"column":46}},"84":{"start":{"line":104,"column":8},"end":{"line":126,"column":11}},"85":{"start":{"line":105,"column":24},"end":{"line":105,"column":57}},"86":{"start":{"line":105,"column":78},"end":{"line":111,"column":13}},"87":{"start":{"line":111,"column":27},"end":{"line":111,"column":81}},"88":{"start":{"line":112,"column":12},"end":{"line":125,"column":15}},"89":{"start":{"line":113,"column":16},"end":{"line":113,"column":52}},"90":{"start":{"line":114,"column":16},"end":{"line":124,"column":30}},"91":{"start":{"line":115,"column":20},"end":{"line":116,"column":49}},"92":{"start":{"line":116,"column":24},"end":{"line":116,"column":49}},"93":{"start":{"line":117,"column":31},"end":{"line":117,"column":65}},"94":{"start":{"line":118,"column":20},"end":{"line":123,"column":23}},"95":{"start":{"line":120,"column":24},"end":{"line":120,"column":90}},"96":{"start":{"line":122,"column":24},"end":{"line":122,"column":46}},"97":{"start":{"line":127,"column":8},"end":{"line":141,"column":11}},"98":{"start":{"line":128,"column":24},"end":{"line":128,"column":57}},"99":{"start":{"line":129,"column":12},"end":{"line":140,"column":15}},"100":{"start":{"line":130,"column":16},"end":{"line":139,"column":19}},"101":{"start":{"line":131,"column":20},"end":{"line":138,"column":21}},"102":{"start":{"line":132,"column":24},"end":{"line":132,"column":49}},"103":{"start":{"line":134,"column":24},"end":{"line":134,"column":39}},"104":{"start":{"line":135,"column":24},"end":{"line":135,"column":61}},"105":{"start":{"line":136,"column":24},"end":{"line":136,"column":54}},"106":{"start":{"line":137,"column":24},"end":{"line":137,"column":46}}},"fnMap":{"0":{"name":"(anonymous_0)","decl":{"start":{"line":10,"column":14},"end":{"line":10,"column":15}},"loc":{"start":{"line":10,"column":28},"end":{"line":10,"column":55}},"line":10},"1":{"name":"(anonymous_1)","decl":{"start":{"line":10,"column":42},"end":{"line":10,"column":43}},"loc":{"start":{"line":10,"column":47},"end":{"line":10,"column":54}},"line":10},"2":{"name":"(anonymous_2)","decl":{"start":{"line":11,"column":20},"end":{"line":11,"column":21}},"loc":{"start":{"line":11,"column":27},"end":{"line":143,"column":1}},"line":11},"3":{"name":"(anonymous_3)","decl":{"start":{"line":12,"column":38},"end":{"line":12,"column":39}},"loc":{"start":{"line":12,"column":50},"end":{"line":142,"column":5}},"line":12},"4":{"name":"(anonymous_4)","decl":{"start":{"line":14,"column":24},"end":{"line":14,"column":25}},"loc":{"start":{"line":14,"column":33},"end":{"line":61,"column":9}},"line":14},"5":{"name":"(anonymous_5)","decl":{"start":{"line":15,"column":73},"end":{"line":15,"column":74}},"loc":{"start":{"line":15,"column":78},"end":{"line":20,"column":13}},"line":15},"6":{"name":"(anonymous_6)","decl":{"start":{"line":21,"column":67},"end":{"line":21,"column":68}},"loc":{"start":{"line":21,"column":72},"end":{"line":26,"column":13}},"line":21},"7":{"name":"(anonymous_7)","decl":{"start":{"line":23,"column":25},"end":{"line":23,"column":26}},"loc":{"start":{"line":23,"column":31},"end":{"line":23,"column":43}},"line":23},"8":{"name":"(anonymous_8)","decl":{"start":{"line":24,"column":31},"end":{"line":24,"column":32}},"loc":{"start":{"line":24,"column":37},"end":{"line":24,"column":48}},"line":24},"9":{"name":"(anonymous_9)","decl":{"start":{"line":27,"column":50},"end":{"line":27,"column":51}},"loc":{"start":{"line":27,"column":55},"end":{"line":32,"column":13}},"line":27},"10":{"name":"(anonymous_10)","decl":{"start":{"line":33,"column":66},"end":{"line":33,"column":67}},"loc":{"start":{"line":33,"column":71},"end":{"line":39,"column":13}},"line":33},"11":{"name":"(anonymous_11)","decl":{"start":{"line":40,"column":50},"end":{"line":40,"column":51}},"loc":{"start":{"line":40,"column":55},"end":{"line":44,"column":13}},"line":40},"12":{"name":"(anonymous_12)","decl":{"start":{"line":45,"column":39},"end":{"line":45,"column":40}},"loc":{"start":{"line":45,"column":44},"end":{"line":60,"column":13}},"line":45},"13":{"name":"(anonymous_13)","decl":{"start":{"line":47,"column":26},"end":{"line":47,"column":27}},"loc":{"start":{"line":47,"column":36},"end":{"line":59,"column":17}},"line":47},"14":{"name":"(anonymous_14)","decl":{"start":{"line":50,"column":59},"end":{"line":50,"column":60}},"loc":{"start":{"line":50,"column":66},"end":{"line":58,"column":21}},"line":50},"15":{"name":"(anonymous_15)","decl":{"start":{"line":62,"column":40},"end":{"line":62,"column":41}},"loc":{"start":{"line":62,"column":52},"end":{"line":85,"column":9}},"line":62},"16":{"name":"(anonymous_16)","decl":{"start":{"line":64,"column":47},"end":{"line":64,"column":48}},"loc":{"start":{"line":64,"column":52},"end":{"line":74,"column":13}},"line":64},"17":{"name":"(anonymous_17)","decl":{"start":{"line":66,"column":32},"end":{"line":66,"column":33}},"loc":{"start":{"line":66,"column":38},"end":{"line":68,"column":17}},"line":66},"18":{"name":"(anonymous_18)","decl":{"start":{"line":69,"column":33},"end":{"line":69,"column":34}},"loc":{"start":{"line":69,"column":38},"end":{"line":73,"column":17}},"line":69},"19":{"name":"(anonymous_19)","decl":{"start":{"line":75,"column":44},"end":{"line":75,"column":45}},"loc":{"start":{"line":75,"column":49},"end":{"line":84,"column":13}},"line":75},"20":{"name":"(anonymous_20)","decl":{"start":{"line":77,"column":32},"end":{"line":77,"column":33}},"loc":{"start":{"line":77,"column":37},"end":{"line":79,"column":17}},"line":77},"21":{"name":"(anonymous_21)","decl":{"start":{"line":80,"column":33},"end":{"line":80,"column":34}},"loc":{"start":{"line":80,"column":40},"end":{"line":83,"column":17}},"line":80},"22":{"name":"(anonymous_22)","decl":{"start":{"line":86,"column":36},"end":{"line":86,"column":37}},"loc":{"start":{"line":86,"column":48},"end":{"line":103,"column":9}},"line":86},"23":{"name":"(anonymous_23)","decl":{"start":{"line":88,"column":28},"end":{"line":88,"column":29}},"loc":{"start":{"line":88,"column":34},"end":{"line":102,"column":13}},"line":88},"24":{"name":"(anonymous_24)","decl":{"start":{"line":91,"column":26},"end":{"line":91,"column":27}},"loc":{"start":{"line":91,"column":31},"end":{"line":101,"column":17}},"line":91},"25":{"name":"(anonymous_25)","decl":{"start":{"line":95,"column":37},"end":{"line":95,"column":38}},"loc":{"start":{"line":95,"column":43},"end":{"line":100,"column":21}},"line":95},"26":{"name":"(anonymous_26)","decl":{"start":{"line":104,"column":46},"end":{"line":104,"column":47}},"loc":{"start":{"line":104,"column":58},"end":{"line":126,"column":9}},"line":104},"27":{"name":"(anonymous_27)","decl":{"start":{"line":112,"column":28},"end":{"line":112,"column":29}},"loc":{"start":{"line":112,"column":34},"end":{"line":125,"column":13}},"line":112},"28":{"name":"(anonymous_28)","decl":{"start":{"line":114,"column":26},"end":{"line":114,"column":27}},"loc":{"start":{"line":114,"column":31},"end":{"line":124,"column":17}},"line":114},"29":{"name":"(anonymous_29)","decl":{"start":{"line":119,"column":37},"end":{"line":119,"column":38}},"loc":{"start":{"line":119,"column":43},"end":{"line":121,"column":21}},"line":119},"30":{"name":"(anonymous_30)","decl":{"start":{"line":121,"column":35},"end":{"line":121,"column":36}},"loc":{"start":{"line":121,"column":40},"end":{"line":123,"column":21}},"line":121},"31":{"name":"(anonymous_31)","decl":{"start":{"line":127,"column":33},"end":{"line":127,"column":34}},"loc":{"start":{"line":127,"column":45},"end":{"line":141,"column":9}},"line":127},"32":{"name":"(anonymous_32)","decl":{"start":{"line":129,"column":28},"end":{"line":129,"column":29}},"loc":{"start":{"line":129,"column":37},"end":{"line":140,"column":13}},"line":129},"33":{"name":"(anonymous_33)","decl":{"start":{"line":130,"column":26},"end":{"line":130,"column":27}},"loc":{"start":{"line":130,"column":36},"end":{"line":139,"column":17}},"line":130}},"branchMap":{"0":{"loc":{"start":{"line":16,"column":16},"end":{"line":17,"column":54}},"type":"if","locations":[{"start":{"line":16,"column":16},"end":{"line":17,"column":54}},{"start":{"line":16,"column":16},"end":{"line":17,"column":54}}],"line":16},"1":{"loc":{"start":{"line":48,"column":20},"end":{"line":49,"column":59}},"type":"if","locations":[{"start":{"line":48,"column":20},"end":{"line":49,"column":59}},{"start":{"line":48,"column":20},"end":{"line":49,"column":59}}],"line":48},"2":{"loc":{"start":{"line":51,"column":24},"end":{"line":57,"column":25}},"type":"if","locations":[{"start":{"line":51,"column":24},"end":{"line":57,"column":25}},{"start":{"line":51,"column":24},"end":{"line":57,"column":25}}],"line":51},"3":{"loc":{"start":{"line":92,"column":20},"end":{"line":93,"column":49}},"type":"if","locations":[{"start":{"line":92,"column":20},"end":{"line":93,"column":49}},{"start":{"line":92,"column":20},"end":{"line":93,"column":49}}],"line":92},"4":{"loc":{"start":{"line":115,"column":20},"end":{"line":116,"column":49}},"type":"if","locations":[{"start":{"line":115,"column":20},"end":{"line":116,"column":49}},{"start":{"line":115,"column":20},"end":{"line":116,"column":49}}],"line":115},"5":{"loc":{"start":{"line":131,"column":20},"end":{"line":138,"column":21}},"type":"if","locations":[{"start":{"line":131,"column":20},"end":{"line":138,"column":21}},{"start":{"line":131,"column":20},"end":{"line":138,"column":21}}],"line":131}},"s":{"0":1,"1":1,"2":1,"3":1,"4":1,"5":1,"6":1,"7":1,"8":1,"9":1,"10":11,"11":11,"12":1,"13":1,"14":1,"15":1,"16":1,"17":1,"18":0,"19":1,"20":1,"21":1,"22":1,"23":1,"24":1,"25":1,"26":1,"27":1,"28":1,"29":1,"30":1,"31":1,"32":1,"33":1,"34":1,"35":1,"36":1,"37":1,"38":1,"39":1,"40":1,"41":1,"42":1,"43":1,"44":1,"45":1,"46":1,"47":0,"48":1,"49":1,"50":0,"51":1,"52":1,"53":1,"54":1,"55":1,"56":1,"57":1,"58":1,"59":0,"60":1,"61":1,"62":1,"63":1,"64":1,"65":1,"66":0,"67":1,"68":1,"69":1,"70":1,"71":1,"72":1,"73":1,"74":1,"75":1,"76":1,"77":0,"78":1,"79":1,"80":1,"81":1,"82":1,"83":1,"84":1,"85":1,"86":1,"87":1,"88":1,"89":1,"90":1,"91":1,"92":0,"93":1,"94":1,"95":0,"96":1,"97":1,"98":1,"99":1,"100":1,"101":1,"102":0,"103":1,"104":1,"105":1,"106":1},"f":{"0":11,"1":11,"2":1,"3":1,"4":1,"5":1,"6":1,"7":1,"8":1,"9":1,"10":1,"11":1,"12":1,"13":1,"14":1,"15":1,"16":1,"17":0,"18":1,"19":1,"20":0,"21":1,"22":1,"23":1,"24":1,"25":1,"26":1,"27":1,"28":1,"29":0,"30":1,"31":1,"32":1,"33":1},"b":{"0":[0,1],"1":[0,1],"2":[0,1],"3":[0,1],"4":[0,1],"5":[0,1]},"_coverageSchema":"332fd63041d2c1bcb487cc26dd0d5f7d97098a6c","hash":"e45d4d8778b7ec536f69ac211a72f79f90ec8c63","contentHash":"464edef934281238ad2ea8e0e28ca758_11.4.1"},"/sources/github/corymickelson/npdf/dist/document.js":{"path":"/sources/github/corymickelson/npdf/dist/document.js","statementMap":{"0":{"start":{"line":2,"column":0},"end":{"line":2,"column":62}},"1":{"start":{"line":21,"column":13},"end":{"line":21,"column":26}},"2":{"start":{"line":22,"column":17},"end":{"line":22,"column":36}},"3":{"start":{"line":23,"column":15},"end":{"line":23,"column":32}},"4":{"start":{"line":24,"column":18},"end":{"line":24,"column":38}},"5":{"start":{"line":25,"column":17},"end":{"line":25,"column":34}},"6":{"start":{"line":26,"column":18},"end":{"line":26,"column":38}},"7":{"start":{"line":27,"column":17},"end":{"line":27,"column":36}},"8":{"start":{"line":28,"column":0},"end":{"line":28,"column":44}},"9":{"start":{"line":30,"column":0},"end":{"line":41,"column":71}},"10":{"start":{"line":31,"column":4},"end":{"line":31,"column":58}},"11":{"start":{"line":32,"column":4},"end":{"line":32,"column":60}},"12":{"start":{"line":33,"column":4},"end":{"line":33,"column":56}},"13":{"start":{"line":34,"column":4},"end":{"line":34,"column":60}},"14":{"start":{"line":35,"column":4},"end":{"line":35,"column":62}},"15":{"start":{"line":36,"column":4},"end":{"line":36,"column":56}},"16":{"start":{"line":37,"column":4},"end":{"line":37,"column":68}},"17":{"start":{"line":38,"column":4},"end":{"line":38,"column":58}},"18":{"start":{"line":39,"column":4},"end":{"line":39,"column":60}},"19":{"start":{"line":40,"column":4},"end":{"line":40,"column":60}},"20":{"start":{"line":58,"column":8},"end":{"line":58,"column":16}},"21":{"start":{"line":59,"column":8},"end":{"line":59,"column":29}},"22":{"start":{"line":60,"column":8},"end":{"line":60,"column":35}},"23":{"start":{"line":61,"column":8},"end":{"line":61,"column":54}},"24":{"start":{"line":62,"column":8},"end":{"line":74,"column":9}},"25":{"start":{"line":63,"column":12},"end":{"line":70,"column":15}},"26":{"start":{"line":64,"column":16},"end":{"line":69,"column":17}},"27":{"start":{"line":65,"column":20},"end":{"line":65,"column":64}},"28":{"start":{"line":68,"column":20},"end":{"line":68,"column":44}},"29":{"start":{"line":72,"column":13},"end":{"line":74,"column":9}},"30":{"start":{"line":73,"column":12},"end":{"line":73,"column":36}},"31":{"start":{"line":77,"column":8},"end":{"line":77,"column":28}},"32":{"start":{"line":80,"column":8},"end":{"line":80,"column":31}},"33":{"start":{"line":83,"column":8},"end":{"line":83,"column":130}},"34":{"start":{"line":86,"column":8},"end":{"line":90,"column":24}},"35":{"start":{"line":87,"column":12},"end":{"line":87,"column":47}},"36":{"start":{"line":90,"column":12},"end":{"line":90,"column":24}},"37":{"start":{"line":98,"column":8},"end":{"line":106,"column":19}},"38":{"start":{"line":99,"column":12},"end":{"line":105,"column":13}},"39":{"start":{"line":100,"column":16},"end":{"line":100,"column":38}},"40":{"start":{"line":103,"column":16},"end":{"line":103,"column":36}},"41":{"start":{"line":104,"column":16},"end":{"line":104,"column":41}},"42":{"start":{"line":109,"column":8},"end":{"line":111,"column":9}},"43":{"start":{"line":110,"column":12},"end":{"line":110,"column":74}},"44":{"start":{"line":112,"column":8},"end":{"line":112,"column":45}},"45":{"start":{"line":115,"column":8},"end":{"line":117,"column":9}},"46":{"start":{"line":116,"column":12},"end":{"line":116,"column":55}},"47":{"start":{"line":118,"column":8},"end":{"line":120,"column":9}},"48":{"start":{"line":119,"column":12},"end":{"line":119,"column":74}},"49":{"start":{"line":121,"column":21},"end":{"line":121,"column":50}},"50":{"start":{"line":122,"column":8},"end":{"line":122,"column":37}},"51":{"start":{"line":125,"column":24},"end":{"line":125,"column":51}},"52":{"start":{"line":126,"column":8},"end":{"line":128,"column":11}},"53":{"start":{"line":127,"column":12},"end":{"line":127,"column":43}},"54":{"start":{"line":136,"column":8},"end":{"line":138,"column":9}},"55":{"start":{"line":137,"column":12},"end":{"line":137,"column":74}},"56":{"start":{"line":139,"column":8},"end":{"line":139,"column":108}},"57":{"start":{"line":142,"column":8},"end":{"line":144,"column":9}},"58":{"start":{"line":143,"column":12},"end":{"line":143,"column":74}},"59":{"start":{"line":145,"column":8},"end":{"line":147,"column":9}},"60":{"start":{"line":146,"column":12},"end":{"line":146,"column":60}},"61":{"start":{"line":148,"column":8},"end":{"line":148,"column":45}},"62":{"start":{"line":151,"column":8},"end":{"line":153,"column":9}},"63":{"start":{"line":152,"column":12},"end":{"line":152,"column":74}},"64":{"start":{"line":154,"column":8},"end":{"line":154,"column":43}},"65":{"start":{"line":157,"column":8},"end":{"line":159,"column":9}},"66":{"start":{"line":158,"column":12},"end":{"line":158,"column":74}},"67":{"start":{"line":160,"column":8},"end":{"line":160,"column":45}},"68":{"start":{"line":168,"column":8},"end":{"line":170,"column":9}},"69":{"start":{"line":169,"column":12},"end":{"line":169,"column":75}},"70":{"start":{"line":171,"column":8},"end":{"line":176,"column":9}},"71":{"start":{"line":172,"column":12},"end":{"line":172,"column":43}},"72":{"start":{"line":175,"column":12},"end":{"line":175,"column":43}},"73":{"start":{"line":179,"column":22},"end":{"line":179,"column":49}},"74":{"start":{"line":180,"column":8},"end":{"line":180,"column":41}},"75":{"start":{"line":183,"column":8},"end":{"line":183,"column":52}},"76":{"start":{"line":194,"column":25},"end":{"line":194,"column":327}},"77":{"start":{"line":195,"column":8},"end":{"line":195,"column":44}},"78":{"start":{"line":198,"column":8},"end":{"line":201,"column":47}},"79":{"start":{"line":199,"column":12},"end":{"line":199,"column":57}},"80":{"start":{"line":201,"column":12},"end":{"line":201,"column":47}},"81":{"start":{"line":204,"column":8},"end":{"line":204,"column":38}},"82":{"start":{"line":205,"column":8},"end":{"line":207,"column":9}},"83":{"start":{"line":206,"column":12},"end":{"line":206,"column":49}},"84":{"start":{"line":208,"column":8},"end":{"line":208,"column":28}},"85":{"start":{"line":211,"column":0},"end":{"line":211,"column":28}}},"fnMap":{"0":{"name":"(anonymous_0)","decl":{"start":{"line":30,"column":1},"end":{"line":30,"column":2}},"loc":{"start":{"line":30,"column":25},"end":{"line":41,"column":1}},"line":30},"1":{"name":"(anonymous_1)","decl":{"start":{"line":57,"column":4},"end":{"line":57,"column":5}},"loc":{"start":{"line":57,"column":38},"end":{"line":75,"column":5}},"line":57},"2":{"name":"(anonymous_2)","decl":{"start":{"line":63,"column":73},"end":{"line":63,"column":74}},"loc":{"start":{"line":63,"column":80},"end":{"line":70,"column":13}},"line":63},"3":{"name":"(anonymous_3)","decl":{"start":{"line":76,"column":4},"end":{"line":76,"column":5}},"loc":{"start":{"line":76,"column":17},"end":{"line":78,"column":5}},"line":76},"4":{"name":"(anonymous_4)","decl":{"start":{"line":79,"column":4},"end":{"line":79,"column":5}},"loc":{"start":{"line":79,"column":24},"end":{"line":81,"column":5}},"line":79},"5":{"name":"(anonymous_5)","decl":{"start":{"line":82,"column":4},"end":{"line":82,"column":5}},"loc":{"start":{"line":82,"column":19},"end":{"line":84,"column":5}},"line":82},"6":{"name":"(anonymous_6)","decl":{"start":{"line":85,"column":4},"end":{"line":85,"column":5}},"loc":{"start":{"line":85,"column":18},"end":{"line":91,"column":5}},"line":85},"7":{"name":"(anonymous_7)","decl":{"start":{"line":97,"column":4},"end":{"line":97,"column":5}},"loc":{"start":{"line":97,"column":31},"end":{"line":107,"column":5}},"line":97},"8":{"name":"(anonymous_8)","decl":{"start":{"line":98,"column":34},"end":{"line":98,"column":35}},"loc":{"start":{"line":98,"column":41},"end":{"line":106,"column":9}},"line":98},"9":{"name":"(anonymous_9)","decl":{"start":{"line":108,"column":4},"end":{"line":108,"column":5}},"loc":{"start":{"line":108,"column":19},"end":{"line":113,"column":5}},"line":108},"10":{"name":"(anonymous_10)","decl":{"start":{"line":114,"column":4},"end":{"line":114,"column":5}},"loc":{"start":{"line":114,"column":19},"end":{"line":123,"column":5}},"line":114},"11":{"name":"(anonymous_11)","decl":{"start":{"line":124,"column":4},"end":{"line":124,"column":5}},"loc":{"start":{"line":124,"column":17},"end":{"line":129,"column":5}},"line":124},"12":{"name":"(anonymous_12)","decl":{"start":{"line":126,"column":27},"end":{"line":126,"column":28}},"loc":{"start":{"line":126,"column":36},"end":{"line":128,"column":9}},"line":126},"13":{"name":"(anonymous_13)","decl":{"start":{"line":135,"column":4},"end":{"line":135,"column":5}},"loc":{"start":{"line":135,"column":33},"end":{"line":140,"column":5}},"line":135},"14":{"name":"(anonymous_14)","decl":{"start":{"line":141,"column":4},"end":{"line":141,"column":5}},"loc":{"start":{"line":141,"column":26},"end":{"line":149,"column":5}},"line":141},"15":{"name":"(anonymous_15)","decl":{"start":{"line":150,"column":4},"end":{"line":150,"column":5}},"loc":{"start":{"line":150,"column":17},"end":{"line":155,"column":5}},"line":150},"16":{"name":"(anonymous_16)","decl":{"start":{"line":156,"column":4},"end":{"line":156,"column":5}},"loc":{"start":{"line":156,"column":19},"end":{"line":161,"column":5}},"line":156},"17":{"name":"(anonymous_17)","decl":{"start":{"line":167,"column":4},"end":{"line":167,"column":5}},"loc":{"start":{"line":167,"column":20},"end":{"line":177,"column":5}},"line":167},"18":{"name":"(anonymous_18)","decl":{"start":{"line":178,"column":4},"end":{"line":178,"column":5}},"loc":{"start":{"line":178,"column":17},"end":{"line":181,"column":5}},"line":178},"19":{"name":"(anonymous_19)","decl":{"start":{"line":182,"column":4},"end":{"line":182,"column":5}},"loc":{"start":{"line":182,"column":26},"end":{"line":184,"column":5}},"line":182},"20":{"name":"(anonymous_20)","decl":{"start":{"line":193,"column":4},"end":{"line":193,"column":5}},"loc":{"start":{"line":193,"column":21},"end":{"line":196,"column":5}},"line":193},"21":{"name":"(anonymous_21)","decl":{"start":{"line":197,"column":4},"end":{"line":197,"column":5}},"loc":{"start":{"line":197,"column":24},"end":{"line":202,"column":5}},"line":197},"22":{"name":"(anonymous_22)","decl":{"start":{"line":203,"column":4},"end":{"line":203,"column":5}},"loc":{"start":{"line":203,"column":24},"end":{"line":209,"column":5}},"line":203}},"branchMap":{"0":{"loc":{"start":{"line":41,"column":18},"end":{"line":41,"column":69}},"type":"binary-expr","locations":[{"start":{"line":41,"column":18},"end":{"line":41,"column":38}},{"start":{"line":41,"column":43},"end":{"line":41,"column":68}}],"line":41},"1":{"loc":{"start":{"line":57,"column":22},"end":{"line":57,"column":36}},"type":"default-arg","locations":[{"start":{"line":57,"column":31},"end":{"line":57,"column":36}}],"line":57},"2":{"loc":{"start":{"line":62,"column":8},"end":{"line":74,"column":9}},"type":"if","locations":[{"start":{"line":62,"column":8},"end":{"line":74,"column":9}},{"start":{"line":62,"column":8},"end":{"line":74,"column":9}}],"line":62},"3":{"loc":{"start":{"line":64,"column":16},"end":{"line":69,"column":17}},"type":"if","locations":[{"start":{"line":64,"column":16},"end":{"line":69,"column":17}},{"start":{"line":64,"column":16},"end":{"line":69,"column":17}}],"line":64},"4":{"loc":{"start":{"line":72,"column":13},"end":{"line":74,"column":9}},"type":"if","locations":[{"start":{"line":72,"column":13},"end":{"line":74,"column":9}},{"start":{"line":72,"column":13},"end":{"line":74,"column":9}}],"line":72},"5":{"loc":{"start":{"line":86,"column":8},"end":{"line":90,"column":24}},"type":"if","locations":[{"start":{"line":86,"column":8},"end":{"line":90,"column":24}},{"start":{"line":86,"column":8},"end":{"line":90,"column":24}}],"line":86},"6":{"loc":{"start":{"line":97,"column":15},"end":{"line":97,"column":29}},"type":"default-arg","locations":[{"start":{"line":97,"column":24},"end":{"line":97,"column":29}}],"line":97},"7":{"loc":{"start":{"line":99,"column":12},"end":{"line":105,"column":13}},"type":"if","locations":[{"start":{"line":99,"column":12},"end":{"line":105,"column":13}},{"start":{"line":99,"column":12},"end":{"line":105,"column":13}}],"line":99},"8":{"loc":{"start":{"line":109,"column":8},"end":{"line":111,"column":9}},"type":"if","locations":[{"start":{"line":109,"column":8},"end":{"line":111,"column":9}},{"start":{"line":109,"column":8},"end":{"line":111,"column":9}}],"line":109},"9":{"loc":{"start":{"line":115,"column":8},"end":{"line":117,"column":9}},"type":"if","locations":[{"start":{"line":115,"column":8},"end":{"line":117,"column":9}},{"start":{"line":115,"column":8},"end":{"line":117,"column":9}}],"line":115},"10":{"loc":{"start":{"line":115,"column":12},"end":{"line":115,"column":52}},"type":"binary-expr","locations":[{"start":{"line":115,"column":12},"end":{"line":115,"column":39}},{"start":{"line":115,"column":43},"end":{"line":115,"column":52}}],"line":115},"11":{"loc":{"start":{"line":118,"column":8},"end":{"line":120,"column":9}},"type":"if","locations":[{"start":{"line":118,"column":8},"end":{"line":120,"column":9}},{"start":{"line":118,"column":8},"end":{"line":120,"column":9}}],"line":118},"12":{"loc":{"start":{"line":136,"column":8},"end":{"line":138,"column":9}},"type":"if","locations":[{"start":{"line":136,"column":8},"end":{"line":138,"column":9}},{"start":{"line":136,"column":8},"end":{"line":138,"column":9}}],"line":136},"13":{"loc":{"start":{"line":139,"column":8},"end":{"line":139,"column":107}},"type":"cond-expr","locations":[{"start":{"line":139,"column":28},"end":{"line":139,"column":71}},{"start":{"line":139,"column":74},"end":{"line":139,"column":107}}],"line":139},"14":{"loc":{"start":{"line":142,"column":8},"end":{"line":144,"column":9}},"type":"if","locations":[{"start":{"line":142,"column":8},"end":{"line":144,"column":9}},{"start":{"line":142,"column":8},"end":{"line":144,"column":9}}],"line":142},"15":{"loc":{"start":{"line":145,"column":8},"end":{"line":147,"column":9}},"type":"if","locations":[{"start":{"line":145,"column":8},"end":{"line":147,"column":9}},{"start":{"line":145,"column":8},"end":{"line":147,"column":9}}],"line":145},"16":{"loc":{"start":{"line":145,"column":12},"end":{"line":145,"column":60}},"type":"binary-expr","locations":[{"start":{"line":145,"column":12},"end":{"line":145,"column":43}},{"start":{"line":145,"column":47},"end":{"line":145,"column":60}}],"line":145},"17":{"loc":{"start":{"line":151,"column":8},"end":{"line":153,"column":9}},"type":"if","locations":[{"start":{"line":151,"column":8},"end":{"line":153,"column":9}},{"start":{"line":151,"column":8},"end":{"line":153,"column":9}}],"line":151},"18":{"loc":{"start":{"line":157,"column":8},"end":{"line":159,"column":9}},"type":"if","locations":[{"start":{"line":157,"column":8},"end":{"line":159,"column":9}},{"start":{"line":157,"column":8},"end":{"line":159,"column":9}}],"line":157},"19":{"loc":{"start":{"line":168,"column":8},"end":{"line":170,"column":9}},"type":"if","locations":[{"start":{"line":168,"column":8},"end":{"line":170,"column":9}},{"start":{"line":168,"column":8},"end":{"line":170,"column":9}}],"line":168},"20":{"loc":{"start":{"line":171,"column":8},"end":{"line":176,"column":9}},"type":"if","locations":[{"start":{"line":171,"column":8},"end":{"line":176,"column":9}},{"start":{"line":171,"column":8},"end":{"line":176,"column":9}}],"line":171},"21":{"loc":{"start":{"line":194,"column":66},"end":{"line":194,"column":113}},"type":"cond-expr","locations":[{"start":{"line":194,"column":96},"end":{"line":194,"column":105}},{"start":{"line":194,"column":108},"end":{"line":194,"column":113}}],"line":194},"22":{"loc":{"start":{"line":194,"column":115},"end":{"line":194,"column":166}},"type":"cond-expr","locations":[{"start":{"line":194,"column":147},"end":{"line":194,"column":158}},{"start":{"line":194,"column":161},"end":{"line":194,"column":166}}],"line":194},"23":{"loc":{"start":{"line":194,"column":168},"end":{"line":194,"column":219}},"type":"cond-expr","locations":[{"start":{"line":194,"column":202},"end":{"line":194,"column":215}},{"start":{"line":194,"column":218},"end":{"line":194,"column":219}}],"line":194},"24":{"loc":{"start":{"line":194,"column":221},"end":{"line":194,"column":270}},"type":"cond-expr","locations":[{"start":{"line":194,"column":252},"end":{"line":194,"column":262}},{"start":{"line":194,"column":265},"end":{"line":194,"column":270}}],"line":194},"25":{"loc":{"start":{"line":194,"column":272},"end":{"line":194,"column":326}},"type":"cond-expr","locations":[{"start":{"line":194,"column":306},"end":{"line":194,"column":319}},{"start":{"line":194,"column":322},"end":{"line":194,"column":326}}],"line":194},"26":{"loc":{"start":{"line":198,"column":8},"end":{"line":201,"column":47}},"type":"if","locations":[{"start":{"line":198,"column":8},"end":{"line":201,"column":47}},{"start":{"line":198,"column":8},"end":{"line":201,"column":47}}],"line":198},"27":{"loc":{"start":{"line":205,"column":8},"end":{"line":207,"column":9}},"type":"if","locations":[{"start":{"line":205,"column":8},"end":{"line":207,"column":9}},{"start":{"line":205,"column":8},"end":{"line":207,"column":9}}],"line":205}},"s":{"0":1,"1":1,"2":1,"3":1,"4":1,"5":1,"6":1,"7":1,"8":1,"9":1,"10":1,"11":1,"12":1,"13":1,"14":1,"15":1,"16":1,"17":1,"18":1,"19":1,"20":16,"21":16,"22":16,"23":16,"24":16,"25":16,"26":16,"27":1,"28":15,"29":0,"30":0,"31":1,"32":0,"33":1,"34":3,"35":2,"36":1,"37":15,"38":15,"39":2,"40":13,"41":13,"42":13,"43":0,"44":13,"45":7,"46":0,"47":7,"48":0,"49":7,"50":7,"51":2,"52":2,"53":1540,"54":1,"55":0,"56":1,"57":1,"58":0,"59":1,"60":0,"61":1,"62":1,"63":0,"64":1,"65":1,"66":0,"67":1,"68":7,"69":0,"70":7,"71":6,"72":1,"73":0,"74":0,"75":0,"76":2,"77":2,"78":0,"79":0,"80":0,"81":1,"82":1,"83":0,"84":1,"85":1},"f":{"0":1,"1":16,"2":16,"3":1,"4":0,"5":1,"6":3,"7":15,"8":15,"9":13,"10":7,"11":2,"12":1540,"13":1,"14":1,"15":1,"16":1,"17":7,"18":0,"19":0,"20":2,"21":0,"22":1},"b":{"0":[1,1],"1":[15],"2":[16,0],"3":[1,15],"4":[0,0],"5":[2,1],"6":[0],"7":[2,13],"8":[0,13],"9":[0,7],"10":[7,7],"11":[0,7],"12":[0,1],"13":[1,0],"14":[0,1],"15":[0,1],"16":[1,1],"17":[0,1],"18":[0,1],"19":[0,7],"20":[6,1],"21":[0,2],"22":[0,2],"23":[2,0],"24":[0,2],"25":[0,2],"26":[0,0],"27":[0,1]},"_coverageSchema":"332fd63041d2c1bcb487cc26dd0d5f7d97098a6c","hash":"4202118cd957cb8ca1d1e0bdd98b83be2e96bdee","contentHash":"959944dc22477dc8140005e1cfb7a29d_11.4.1"},"/sources/github/corymickelson/npdf/dist/object.js":{"path":"/sources/github/corymickelson/npdf/dist/object.js","statementMap":{"0":{"start":{"line":2,"column":0},"end":{"line":2,"column":62}},"1":{"start":{"line":3,"column":20},"end":{"line":3,"column":42}},"2":{"start":{"line":16,"column":8},"end":{"line":16,"column":40}},"3":{"start":{"line":19,"column":8},"end":{"line":19,"column":37}},"4":{"start":{"line":22,"column":8},"end":{"line":22,"column":37}},"5":{"start":{"line":25,"column":8},"end":{"line":25,"column":35}},"6":{"start":{"line":28,"column":8},"end":{"line":28,"column":34}},"7":{"start":{"line":31,"column":8},"end":{"line":31,"column":42}},"8":{"start":{"line":42,"column":8},"end":{"line":42,"column":45}},"9":{"start":{"line":45,"column":8},"end":{"line":45,"column":41}},"10":{"start":{"line":54,"column":8},"end":{"line":54,"column":45}},"11":{"start":{"line":61,"column":8},"end":{"line":61,"column":43}},"12":{"start":{"line":64,"column":8},"end":{"line":64,"column":40}},"13":{"start":{"line":67,"column":8},"end":{"line":67,"column":42}},"14":{"start":{"line":70,"column":8},"end":{"line":70,"column":40}},"15":{"start":{"line":73,"column":8},"end":{"line":73,"column":40}},"16":{"start":{"line":76,"column":8},"end":{"line":76,"column":42}},"17":{"start":{"line":86,"column":25},"end":{"line":86,"column":50}},"18":{"start":{"line":87,"column":19},"end":{"line":87,"column":37}},"19":{"start":{"line":88,"column":29},"end":{"line":92,"column":9}},"20":{"start":{"line":89,"column":12},"end":{"line":91,"column":13}},"21":{"start":{"line":90,"column":16},"end":{"line":90,"column":153}},"22":{"start":{"line":92,"column":23},"end":{"line":98,"column":9}},"23":{"start":{"line":93,"column":26},"end":{"line":93,"column":37}},"24":{"start":{"line":94,"column":12},"end":{"line":96,"column":13}},"25":{"start":{"line":95,"column":16},"end":{"line":95,"column":28}},"26":{"start":{"line":97,"column":12},"end":{"line":97,"column":25}},"27":{"start":{"line":99,"column":8},"end":{"line":239,"column":11}},"28":{"start":{"line":101,"column":28},"end":{"line":101,"column":43}},"29":{"start":{"line":102,"column":16},"end":{"line":103,"column":31}},"30":{"start":{"line":103,"column":20},"end":{"line":103,"column":31}},"31":{"start":{"line":104,"column":16},"end":{"line":190,"column":17}},"32":{"start":{"line":105,"column":20},"end":{"line":180,"column":21}},"33":{"start":{"line":107,"column":28},"end":{"line":107,"column":54}},"34":{"start":{"line":109,"column":28},"end":{"line":109,"column":43}},"35":{"start":{"line":110,"column":28},"end":{"line":114,"column":30}},"36":{"start":{"line":111,"column":45},"end":{"line":111,"column":55}},"37":{"start":{"line":112,"column":32},"end":{"line":112,"column":69}},"38":{"start":{"line":113,"column":32},"end":{"line":113,"column":53}},"39":{"start":{"line":116,"column":28},"end":{"line":116,"column":43}},"40":{"start":{"line":117,"column":28},"end":{"line":137,"column":30}},"41":{"start":{"line":118,"column":32},"end":{"line":136,"column":33}},"42":{"start":{"line":118,"column":49},"end":{"line":118,"column":65}},"43":{"start":{"line":119,"column":36},"end":{"line":127,"column":39}},"44":{"start":{"line":120,"column":40},"end":{"line":126,"column":41}},"45":{"start":{"line":121,"column":44},"end":{"line":121,"column":76}},"46":{"start":{"line":124,"column":44},"end":{"line":124,"column":61}},"47":{"start":{"line":125,"column":44},"end":{"line":125,"column":52}},"48":{"start":{"line":128,"column":36},"end":{"line":128,"column":55}},"49":{"start":{"line":129,"column":36},"end":{"line":131,"column":37}},"50":{"start":{"line":130,"column":40},"end":{"line":130,"column":82}},"51":{"start":{"line":132,"column":36},"end":{"line":132,"column":55}},"52":{"start":{"line":135,"column":36},"end":{"line":135,"column":54}},"53":{"start":{"line":139,"column":28},"end":{"line":139,"column":43}},"54":{"start":{"line":140,"column":28},"end":{"line":160,"column":30}},"55":{"start":{"line":141,"column":32},"end":{"line":159,"column":33}},"56":{"start":{"line":141,"column":49},"end":{"line":141,"column":65}},"57":{"start":{"line":142,"column":36},"end":{"line":150,"column":39}},"58":{"start":{"line":143,"column":40},"end":{"line":149,"column":41}},"59":{"start":{"line":144,"column":44},"end":{"line":144,"column":94}},"60":{"start":{"line":147,"column":44},"end":{"line":147,"column":61}},"61":{"start":{"line":148,"column":44},"end":{"line":148,"column":52}},"62":{"start":{"line":151,"column":36},"end":{"line":151,"column":52}},"63":{"start":{"line":152,"column":36},"end":{"line":154,"column":37}},"64":{"start":{"line":153,"column":40},"end":{"line":153,"column":82}},"65":{"start":{"line":155,"column":36},"end":{"line":155,"column":55}},"66":{"start":{"line":158,"column":36},"end":{"line":158,"column":54}},"67":{"start":{"line":162,"column":28},"end":{"line":162,"column":43}},"68":{"start":{"line":163,"column":28},"end":{"line":167,"column":30}},"69":{"start":{"line":164,"column":45},"end":{"line":164,"column":57}},"70":{"start":{"line":165,"column":32},"end":{"line":165,"column":51}},"71":{"start":{"line":166,"column":32},"end":{"line":166,"column":53}},"72":{"start":{"line":169,"column":28},"end":{"line":171,"column":29}},"73":{"start":{"line":170,"column":32},"end":{"line":170,"column":74}},"74":{"start":{"line":172,"column":28},"end":{"line":172,"column":47}},"75":{"start":{"line":179,"column":28},"end":{"line":179,"column":72}},"76":{"start":{"line":182,"column":21},"end":{"line":190,"column":17}},"77":{"start":{"line":183,"column":20},"end":{"line":185,"column":21}},"78":{"start":{"line":184,"column":24},"end":{"line":184,"column":47}},"79":{"start":{"line":186,"column":20},"end":{"line":186,"column":47}},"80":{"start":{"line":189,"column":20},"end":{"line":189,"column":79}},"81":{"start":{"line":193,"column":16},"end":{"line":209,"column":17}},"82":{"start":{"line":194,"column":20},"end":{"line":194,"column":47}},"83":{"start":{"line":195,"column":20},"end":{"line":195,"column":32}},"84":{"start":{"line":198,"column":20},"end":{"line":198,"column":35}},"85":{"start":{"line":199,"column":34},"end":{"line":199,"column":49}},"86":{"start":{"line":200,"column":20},"end":{"line":202,"column":21}},"87":{"start":{"line":201,"column":24},"end":{"line":201,"column":43}},"88":{"start":{"line":203,"column":20},"end":{"line":207,"column":21}},"89":{"start":{"line":204,"column":24},"end":{"line":204,"column":50}},"90":{"start":{"line":205,"column":24},"end":{"line":205,"column":43}},"91":{"start":{"line":206,"column":24},"end":{"line":206,"column":36}},"92":{"start":{"line":208,"column":20},"end":{"line":208,"column":33}},"93":{"start":{"line":212,"column":16},"end":{"line":219,"column":17}},"94":{"start":{"line":213,"column":20},"end":{"line":218,"column":21}},"95":{"start":{"line":214,"column":24},"end":{"line":214,"column":56}},"96":{"start":{"line":217,"column":24},"end":{"line":217,"column":37}},"97":{"start":{"line":220,"column":16},"end":{"line":220,"column":28}},"98":{"start":{"line":223,"column":16},"end":{"line":223,"column":31}},"99":{"start":{"line":224,"column":30},"end":{"line":224,"column":45}},"100":{"start":{"line":225,"column":16},"end":{"line":227,"column":17}},"101":{"start":{"line":226,"column":20},"end":{"line":226,"column":38}},"102":{"start":{"line":228,"column":16},"end":{"line":236,"column":17}},"103":{"start":{"line":229,"column":20},"end":{"line":229,"column":82}},"104":{"start":{"line":230,"column":20},"end":{"line":230,"column":37}},"105":{"start":{"line":231,"column":20},"end":{"line":231,"column":30}},"106":{"start":{"line":234,"column":20},"end":{"line":234,"column":43}},"107":{"start":{"line":235,"column":20},"end":{"line":235,"column":42}},"108":{"start":{"line":237,"column":16},"end":{"line":237,"column":28}},"109":{"start":{"line":242,"column":25},"end":{"line":242,"column":55}},"110":{"start":{"line":243,"column":19},"end":{"line":243,"column":38}},"111":{"start":{"line":244,"column":8},"end":{"line":334,"column":11}},"112":{"start":{"line":246,"column":16},"end":{"line":257,"column":17}},"113":{"start":{"line":247,"column":20},"end":{"line":247,"column":59}},"114":{"start":{"line":249,"column":21},"end":{"line":257,"column":17}},"115":{"start":{"line":250,"column":20},"end":{"line":250,"column":47}},"116":{"start":{"line":252,"column":21},"end":{"line":257,"column":17}},"117":{"start":{"line":253,"column":20},"end":{"line":253,"column":58}},"118":{"start":{"line":256,"column":20},"end":{"line":256,"column":32}},"119":{"start":{"line":260,"column":16},"end":{"line":266,"column":17}},"120":{"start":{"line":261,"column":20},"end":{"line":261,"column":38}},"121":{"start":{"line":264,"column":20},"end":{"line":264,"column":103}},"122":{"start":{"line":265,"column":20},"end":{"line":265,"column":47}},"123":{"start":{"line":267,"column":16},"end":{"line":267,"column":28}},"124":{"start":{"line":270,"column":16},"end":{"line":280,"column":17}},"125":{"start":{"line":271,"column":20},"end":{"line":271,"column":38}},"126":{"start":{"line":273,"column":21},"end":{"line":280,"column":17}},"127":{"start":{"line":274,"column":20},"end":{"line":274,"column":62}},"128":{"start":{"line":275,"column":20},"end":{"line":275,"column":45}},"129":{"start":{"line":277,"column":21},"end":{"line":280,"column":17}},"130":{"start":{"line":278,"column":20},"end":{"line":278,"column":37}},"131":{"start":{"line":279,"column":20},"end":{"line":279,"column":83}},"132":{"start":{"line":281,"column":16},"end":{"line":281,"column":43}},"133":{"start":{"line":282,"column":16},"end":{"line":282,"column":28}},"134":{"start":{"line":285,"column":16},"end":{"line":285,"column":49}},"135":{"start":{"line":288,"column":16},"end":{"line":290,"column":17}},"136":{"start":{"line":289,"column":20},"end":{"line":289,"column":38}},"137":{"start":{"line":291,"column":35},"end":{"line":291,"column":100}},"138":{"start":{"line":292,"column":16},"end":{"line":307,"column":17}},"139":{"start":{"line":293,"column":20},"end":{"line":293,"column":75}},"140":{"start":{"line":295,"column":21},"end":{"line":307,"column":17}},"141":{"start":{"line":296,"column":20},"end":{"line":296,"column":127}},"142":{"start":{"line":297,"column":20},"end":{"line":303,"column":21}},"143":{"start":{"line":298,"column":24},"end":{"line":298,"column":125}},"144":{"start":{"line":299,"column":24},"end":{"line":302,"column":91}},"145":{"start":{"line":300,"column":28},"end":{"line":300,"column":60}},"146":{"start":{"line":302,"column":28},"end":{"line":302,"column":91}},"147":{"start":{"line":306,"column":20},"end":{"line":306,"column":33}},"148":{"start":{"line":308,"column":16},"end":{"line":308,"column":28}},"149":{"start":{"line":311,"column":16},"end":{"line":313,"column":17}},"150":{"start":{"line":312,"column":20},"end":{"line":312,"column":97}},"151":{"start":{"line":314,"column":34},"end":{"line":314,"column":52}},"152":{"start":{"line":315,"column":16},"end":{"line":320,"column":18}},"153":{"start":{"line":323,"column":16},"end":{"line":323,"column":41}},"154":{"start":{"line":326,"column":16},"end":{"line":326,"column":29}},"155":{"start":{"line":329,"column":16},"end":{"line":329,"column":29}},"156":{"start":{"line":332,"column":16},"end":{"line":332,"column":29}},"157":{"start":{"line":337,"column":18},"end":{"line":337,"column":47}},"158":{"start":{"line":338,"column":8},"end":{"line":338,"column":38}},"159":{"start":{"line":341,"column":8},"end":{"line":341,"column":43}},"160":{"start":{"line":344,"column":0},"end":{"line":344,"column":18}}},"fnMap":{"0":{"name":"(anonymous_0)","decl":{"start":{"line":15,"column":4},"end":{"line":15,"column":5}},"loc":{"start":{"line":15,"column":20},"end":{"line":17,"column":5}},"line":15},"1":{"name":"(anonymous_1)","decl":{"start":{"line":18,"column":4},"end":{"line":18,"column":5}},"loc":{"start":{"line":18,"column":17},"end":{"line":20,"column":5}},"line":18},"2":{"name":"(anonymous_2)","decl":{"start":{"line":21,"column":4},"end":{"line":21,"column":5}},"loc":{"start":{"line":21,"column":17},"end":{"line":23,"column":5}},"line":21},"3":{"name":"(anonymous_3)","decl":{"start":{"line":24,"column":4},"end":{"line":24,"column":5}},"loc":{"start":{"line":24,"column":15},"end":{"line":26,"column":5}},"line":24},"4":{"name":"(anonymous_4)","decl":{"start":{"line":27,"column":4},"end":{"line":27,"column":5}},"loc":{"start":{"line":27,"column":26},"end":{"line":29,"column":5}},"line":27},"5":{"name":"(anonymous_5)","decl":{"start":{"line":30,"column":4},"end":{"line":30,"column":5}},"loc":{"start":{"line":30,"column":16},"end":{"line":32,"column":5}},"line":30},"6":{"name":"(anonymous_6)","decl":{"start":{"line":41,"column":4},"end":{"line":41,"column":5}},"loc":{"start":{"line":41,"column":19},"end":{"line":43,"column":5}},"line":41},"7":{"name":"(anonymous_7)","decl":{"start":{"line":44,"column":4},"end":{"line":44,"column":5}},"loc":{"start":{"line":44,"column":22},"end":{"line":46,"column":5}},"line":44},"8":{"name":"(anonymous_8)","decl":{"start":{"line":53,"column":4},"end":{"line":53,"column":5}},"loc":{"start":{"line":53,"column":26},"end":{"line":55,"column":5}},"line":53},"9":{"name":"(anonymous_9)","decl":{"start":{"line":60,"column":4},"end":{"line":60,"column":5}},"loc":{"start":{"line":60,"column":24},"end":{"line":62,"column":5}},"line":60},"10":{"name":"(anonymous_10)","decl":{"start":{"line":63,"column":4},"end":{"line":63,"column":5}},"loc":{"start":{"line":63,"column":13},"end":{"line":65,"column":5}},"line":63},"11":{"name":"(anonymous_11)","decl":{"start":{"line":66,"column":4},"end":{"line":66,"column":5}},"loc":{"start":{"line":66,"column":15},"end":{"line":68,"column":5}},"line":66},"12":{"name":"(anonymous_12)","decl":{"start":{"line":69,"column":4},"end":{"line":69,"column":5}},"loc":{"start":{"line":69,"column":13},"end":{"line":71,"column":5}},"line":69},"13":{"name":"(anonymous_13)","decl":{"start":{"line":72,"column":4},"end":{"line":72,"column":5}},"loc":{"start":{"line":72,"column":13},"end":{"line":74,"column":5}},"line":72},"14":{"name":"(anonymous_14)","decl":{"start":{"line":75,"column":4},"end":{"line":75,"column":5}},"loc":{"start":{"line":75,"column":15},"end":{"line":77,"column":5}},"line":75},"15":{"name":"(anonymous_15)","decl":{"start":{"line":85,"column":4},"end":{"line":85,"column":5}},"loc":{"start":{"line":85,"column":14},"end":{"line":240,"column":5}},"line":85},"16":{"name":"(anonymous_16)","decl":{"start":{"line":88,"column":29},"end":{"line":88,"column":30}},"loc":{"start":{"line":88,"column":35},"end":{"line":92,"column":9}},"line":88},"17":{"name":"(anonymous_17)","decl":{"start":{"line":92,"column":23},"end":{"line":92,"column":24}},"loc":{"start":{"line":92,"column":30},"end":{"line":98,"column":9}},"line":92},"18":{"name":"(anonymous_18)","decl":{"start":{"line":110,"column":35},"end":{"line":110,"column":36}},"loc":{"start":{"line":110,"column":41},"end":{"line":114,"column":29}},"line":110},"19":{"name":"(anonymous_19)","decl":{"start":{"line":117,"column":35},"end":{"line":117,"column":36}},"loc":{"start":{"line":117,"column":45},"end":{"line":137,"column":29}},"line":117},"20":{"name":"(anonymous_20)","decl":{"start":{"line":118,"column":44},"end":{"line":118,"column":45}},"loc":{"start":{"line":118,"column":49},"end":{"line":118,"column":65}},"line":118},"21":{"name":"(anonymous_21)","decl":{"start":{"line":119,"column":46},"end":{"line":119,"column":47}},"loc":{"start":{"line":119,"column":70},"end":{"line":127,"column":37}},"line":119},"22":{"name":"(anonymous_22)","decl":{"start":{"line":140,"column":35},"end":{"line":140,"column":36}},"loc":{"start":{"line":140,"column":45},"end":{"line":160,"column":29}},"line":140},"23":{"name":"(anonymous_23)","decl":{"start":{"line":141,"column":44},"end":{"line":141,"column":45}},"loc":{"start":{"line":141,"column":49},"end":{"line":141,"column":65}},"line":141},"24":{"name":"(anonymous_24)","decl":{"start":{"line":142,"column":46},"end":{"line":142,"column":47}},"loc":{"start":{"line":142,"column":70},"end":{"line":150,"column":37}},"line":142},"25":{"name":"(anonymous_25)","decl":{"start":{"line":163,"column":35},"end":{"line":163,"column":36}},"loc":{"start":{"line":163,"column":41},"end":{"line":167,"column":29}},"line":163},"26":{"name":"(anonymous_26)","decl":{"start":{"line":241,"column":4},"end":{"line":241,"column":5}},"loc":{"start":{"line":241,"column":15},"end":{"line":335,"column":5}},"line":241},"27":{"name":"(anonymous_27)","decl":{"start":{"line":336,"column":4},"end":{"line":336,"column":5}},"loc":{"start":{"line":336,"column":18},"end":{"line":339,"column":5}},"line":336},"28":{"name":"(anonymous_28)","decl":{"start":{"line":340,"column":4},"end":{"line":340,"column":5}},"loc":{"start":{"line":340,"column":15},"end":{"line":342,"column":5}},"line":340}},"branchMap":{"0":{"loc":{"start":{"line":89,"column":12},"end":{"line":91,"column":13}},"type":"if","locations":[{"start":{"line":89,"column":12},"end":{"line":91,"column":13}},{"start":{"line":89,"column":12},"end":{"line":91,"column":13}}],"line":89},"1":{"loc":{"start":{"line":94,"column":12},"end":{"line":96,"column":13}},"type":"if","locations":[{"start":{"line":94,"column":12},"end":{"line":96,"column":13}},{"start":{"line":94,"column":12},"end":{"line":96,"column":13}}],"line":94},"2":{"loc":{"start":{"line":102,"column":16},"end":{"line":103,"column":31}},"type":"if","locations":[{"start":{"line":102,"column":16},"end":{"line":103,"column":31}},{"start":{"line":102,"column":16},"end":{"line":103,"column":31}}],"line":102},"3":{"loc":{"start":{"line":104,"column":16},"end":{"line":190,"column":17}},"type":"if","locations":[{"start":{"line":104,"column":16},"end":{"line":190,"column":17}},{"start":{"line":104,"column":16},"end":{"line":190,"column":17}}],"line":104},"4":{"loc":{"start":{"line":105,"column":20},"end":{"line":180,"column":21}},"type":"switch","locations":[{"start":{"line":106,"column":24},"end":{"line":107,"column":54}},{"start":{"line":108,"column":24},"end":{"line":114,"column":30}},{"start":{"line":115,"column":24},"end":{"line":137,"column":30}},{"start":{"line":138,"column":24},"end":{"line":160,"column":30}},{"start":{"line":161,"column":24},"end":{"line":167,"column":30}},{"start":{"line":168,"column":24},"end":{"line":172,"column":47}},{"start":{"line":178,"column":24},"end":{"line":179,"column":72}}],"line":105},"5":{"loc":{"start":{"line":118,"column":32},"end":{"line":136,"column":33}},"type":"if","locations":[{"start":{"line":118,"column":32},"end":{"line":136,"column":33}},{"start":{"line":118,"column":32},"end":{"line":136,"column":33}}],"line":118},"6":{"loc":{"start":{"line":129,"column":36},"end":{"line":131,"column":37}},"type":"if","locations":[{"start":{"line":129,"column":36},"end":{"line":131,"column":37}},{"start":{"line":129,"column":36},"end":{"line":131,"column":37}}],"line":129},"7":{"loc":{"start":{"line":141,"column":32},"end":{"line":159,"column":33}},"type":"if","locations":[{"start":{"line":141,"column":32},"end":{"line":159,"column":33}},{"start":{"line":141,"column":32},"end":{"line":159,"column":33}}],"line":141},"8":{"loc":{"start":{"line":152,"column":36},"end":{"line":154,"column":37}},"type":"if","locations":[{"start":{"line":152,"column":36},"end":{"line":154,"column":37}},{"start":{"line":152,"column":36},"end":{"line":154,"column":37}}],"line":152},"9":{"loc":{"start":{"line":169,"column":28},"end":{"line":171,"column":29}},"type":"if","locations":[{"start":{"line":169,"column":28},"end":{"line":171,"column":29}},{"start":{"line":169,"column":28},"end":{"line":171,"column":29}}],"line":169},"10":{"loc":{"start":{"line":182,"column":21},"end":{"line":190,"column":17}},"type":"if","locations":[{"start":{"line":182,"column":21},"end":{"line":190,"column":17}},{"start":{"line":182,"column":21},"end":{"line":190,"column":17}}],"line":182},"11":{"loc":{"start":{"line":182,"column":25},"end":{"line":182,"column":84}},"type":"binary-expr","locations":[{"start":{"line":182,"column":25},"end":{"line":182,"column":49}},{"start":{"line":182,"column":53},"end":{"line":182,"column":62}},{"start":{"line":182,"column":66},"end":{"line":182,"column":84}}],"line":182},"12":{"loc":{"start":{"line":183,"column":20},"end":{"line":185,"column":21}},"type":"if","locations":[{"start":{"line":183,"column":20},"end":{"line":185,"column":21}},{"start":{"line":183,"column":20},"end":{"line":185,"column":21}}],"line":183},"13":{"loc":{"start":{"line":183,"column":24},"end":{"line":183,"column":54}},"type":"binary-expr","locations":[{"start":{"line":183,"column":24},"end":{"line":183,"column":32}},{"start":{"line":183,"column":36},"end":{"line":183,"column":54}}],"line":183},"14":{"loc":{"start":{"line":193,"column":16},"end":{"line":209,"column":17}},"type":"if","locations":[{"start":{"line":193,"column":16},"end":{"line":209,"column":17}},{"start":{"line":193,"column":16},"end":{"line":209,"column":17}}],"line":193},"15":{"loc":{"start":{"line":193,"column":20},"end":{"line":193,"column":72}},"type":"binary-expr","locations":[{"start":{"line":193,"column":20},"end":{"line":193,"column":40}},{"start":{"line":193,"column":44},"end":{"line":193,"column":72}}],"line":193},"16":{"loc":{"start":{"line":200,"column":20},"end":{"line":202,"column":21}},"type":"if","locations":[{"start":{"line":200,"column":20},"end":{"line":202,"column":21}},{"start":{"line":200,"column":20},"end":{"line":202,"column":21}}],"line":200},"17":{"loc":{"start":{"line":203,"column":20},"end":{"line":207,"column":21}},"type":"if","locations":[{"start":{"line":203,"column":20},"end":{"line":207,"column":21}},{"start":{"line":203,"column":20},"end":{"line":207,"column":21}}],"line":203},"18":{"loc":{"start":{"line":203,"column":24},"end":{"line":203,"column":72}},"type":"binary-expr","locations":[{"start":{"line":203,"column":24},"end":{"line":203,"column":44}},{"start":{"line":203,"column":48},"end":{"line":203,"column":72}}],"line":203},"19":{"loc":{"start":{"line":212,"column":16},"end":{"line":219,"column":17}},"type":"if","locations":[{"start":{"line":212,"column":16},"end":{"line":219,"column":17}},{"start":{"line":212,"column":16},"end":{"line":219,"column":17}}],"line":212},"20":{"loc":{"start":{"line":213,"column":20},"end":{"line":218,"column":21}},"type":"if","locations":[{"start":{"line":213,"column":20},"end":{"line":218,"column":21}},{"start":{"line":213,"column":20},"end":{"line":218,"column":21}}],"line":213},"21":{"loc":{"start":{"line":225,"column":16},"end":{"line":227,"column":17}},"type":"if","locations":[{"start":{"line":225,"column":16},"end":{"line":227,"column":17}},{"start":{"line":225,"column":16},"end":{"line":227,"column":17}}],"line":225},"22":{"loc":{"start":{"line":228,"column":16},"end":{"line":236,"column":17}},"type":"if","locations":[{"start":{"line":228,"column":16},"end":{"line":236,"column":17}},{"start":{"line":228,"column":16},"end":{"line":236,"column":17}}],"line":228},"23":{"loc":{"start":{"line":246,"column":16},"end":{"line":257,"column":17}},"type":"if","locations":[{"start":{"line":246,"column":16},"end":{"line":257,"column":17}},{"start":{"line":246,"column":16},"end":{"line":257,"column":17}}],"line":246},"24":{"loc":{"start":{"line":249,"column":21},"end":{"line":257,"column":17}},"type":"if","locations":[{"start":{"line":249,"column":21},"end":{"line":257,"column":17}},{"start":{"line":249,"column":21},"end":{"line":257,"column":17}}],"line":249},"25":{"loc":{"start":{"line":252,"column":21},"end":{"line":257,"column":17}},"type":"if","locations":[{"start":{"line":252,"column":21},"end":{"line":257,"column":17}},{"start":{"line":252,"column":21},"end":{"line":257,"column":17}}],"line":252},"26":{"loc":{"start":{"line":260,"column":16},"end":{"line":266,"column":17}},"type":"if","locations":[{"start":{"line":260,"column":16},"end":{"line":266,"column":17}},{"start":{"line":260,"column":16},"end":{"line":266,"column":17}}],"line":260},"27":{"loc":{"start":{"line":264,"column":42},"end":{"line":264,"column":101}},"type":"cond-expr","locations":[{"start":{"line":264,"column":78},"end":{"line":264,"column":93}},{"start":{"line":264,"column":96},"end":{"line":264,"column":101}}],"line":264},"28":{"loc":{"start":{"line":270,"column":16},"end":{"line":280,"column":17}},"type":"if","locations":[{"start":{"line":270,"column":16},"end":{"line":280,"column":17}},{"start":{"line":270,"column":16},"end":{"line":280,"column":17}}],"line":270},"29":{"loc":{"start":{"line":273,"column":21},"end":{"line":280,"column":17}},"type":"if","locations":[{"start":{"line":273,"column":21},"end":{"line":280,"column":17}},{"start":{"line":273,"column":21},"end":{"line":280,"column":17}}],"line":273},"30":{"loc":{"start":{"line":277,"column":21},"end":{"line":280,"column":17}},"type":"if","locations":[{"start":{"line":277,"column":21},"end":{"line":280,"column":17}},{"start":{"line":277,"column":21},"end":{"line":280,"column":17}}],"line":277},"31":{"loc":{"start":{"line":288,"column":16},"end":{"line":290,"column":17}},"type":"if","locations":[{"start":{"line":288,"column":16},"end":{"line":290,"column":17}},{"start":{"line":288,"column":16},"end":{"line":290,"column":17}}],"line":288},"32":{"loc":{"start":{"line":292,"column":16},"end":{"line":307,"column":17}},"type":"if","locations":[{"start":{"line":292,"column":16},"end":{"line":307,"column":17}},{"start":{"line":292,"column":16},"end":{"line":307,"column":17}}],"line":292},"33":{"loc":{"start":{"line":295,"column":21},"end":{"line":307,"column":17}},"type":"if","locations":[{"start":{"line":295,"column":21},"end":{"line":307,"column":17}},{"start":{"line":295,"column":21},"end":{"line":307,"column":17}}],"line":295},"34":{"loc":{"start":{"line":295,"column":25},"end":{"line":295,"column":64}},"type":"binary-expr","locations":[{"start":{"line":295,"column":25},"end":{"line":295,"column":44}},{"start":{"line":295,"column":48},"end":{"line":295,"column":64}}],"line":295},"35":{"loc":{"start":{"line":297,"column":20},"end":{"line":303,"column":21}},"type":"if","locations":[{"start":{"line":297,"column":20},"end":{"line":303,"column":21}},{"start":{"line":297,"column":20},"end":{"line":303,"column":21}}],"line":297},"36":{"loc":{"start":{"line":299,"column":24},"end":{"line":302,"column":91}},"type":"if","locations":[{"start":{"line":299,"column":24},"end":{"line":302,"column":91}},{"start":{"line":299,"column":24},"end":{"line":302,"column":91}}],"line":299},"37":{"loc":{"start":{"line":311,"column":16},"end":{"line":313,"column":17}},"type":"if","locations":[{"start":{"line":311,"column":16},"end":{"line":313,"column":17}},{"start":{"line":311,"column":16},"end":{"line":313,"column":17}}],"line":311},"38":{"loc":{"start":{"line":311,"column":20},"end":{"line":311,"column":72}},"type":"binary-expr","locations":[{"start":{"line":311,"column":20},"end":{"line":311,"column":46}},{"start":{"line":311,"column":50},"end":{"line":311,"column":72}}],"line":311}},"s":{"0":1,"1":1,"2":0,"3":2,"4":2,"5":1557,"6":1564,"7":769,"8":0,"9":0,"10":0,"11":0,"12":0,"13":0,"14":3,"15":0,"16":1,"17":1,"18":1,"19":1,"20":1,"21":0,"22":1,"23":2,"24":2,"25":1,"26":1,"27":1,"28":2,"29":2,"30":1,"31":2,"32":1,"33":0,"34":1,"35":1,"36":1,"37":1,"38":0,"39":0,"40":0,"41":0,"42":0,"43":0,"44":0,"45":0,"46":0,"47":0,"48":0,"49":0,"50":0,"51":0,"52":0,"53":0,"54":0,"55":0,"56":0,"57":0,"58":0,"59":0,"60":0,"61":0,"62":0,"63":0,"64":0,"65":0,"66":0,"67":0,"68":0,"69":0,"70":0,"71":0,"72":0,"73":0,"74":0,"75":0,"76":1,"77":1,"78":0,"79":1,"80":0,"81":0,"82":0,"83":0,"84":0,"85":0,"86":0,"87":0,"88":0,"89":0,"90":0,"91":0,"92":0,"93":0,"94":0,"95":0,"96":0,"97":0,"98":0,"99":0,"100":0,"101":0,"102":0,"103":0,"104":0,"105":0,"106":0,"107":0,"108":0,"109":9,"110":9,"111":9,"112":25,"113":0,"114":25,"115":19,"116":6,"117":0,"118":6,"119":1,"120":0,"121":1,"122":1,"123":1,"124":1,"125":0,"126":1,"127":1,"128":1,"129":0,"130":0,"131":0,"132":1,"133":1,"134":0,"135":0,"136":0,"137":0,"138":0,"139":0,"140":0,"141":0,"142":0,"143":0,"144":0,"145":0,"146":0,"147":0,"148":0,"149":20,"150":0,"151":20,"152":20,"153":4,"154":0,"155":0,"156":0,"157":1,"158":1,"159":0,"160":1},"f":{"0":0,"1":2,"2":2,"3":1557,"4":1564,"5":769,"6":0,"7":0,"8":0,"9":0,"10":0,"11":0,"12":3,"13":0,"14":1,"15":1,"16":1,"17":2,"18":1,"19":0,"20":0,"21":0,"22":0,"23":0,"24":0,"25":0,"26":9,"27":1,"28":0},"b":{"0":[0,1],"1":[1,1],"2":[1,1],"3":[1,1],"4":[0,1,0,0,0,0,0],"5":[0,0],"6":[0,0],"7":[0,0],"8":[0,0],"9":[0,0],"10":[1,0],"11":[1,1,1],"12":[0,1],"13":[1,1],"14":[0,0],"15":[0,0],"16":[0,0],"17":[0,0],"18":[0,0],"19":[0,0],"20":[0,0],"21":[0,0],"22":[0,0],"23":[0,25],"24":[19,6],"25":[0,6],"26":[0,1],"27":[0,1],"28":[0,1],"29":[1,0],"30":[0,0],"31":[0,0],"32":[0,0],"33":[0,0],"34":[0,0],"35":[0,0],"36":[0,0],"37":[0,20],"38":[20,20]},"_coverageSchema":"332fd63041d2c1bcb487cc26dd0d5f7d97098a6c","hash":"40ffa0d85c63c5f277b1dc62dcda9e795b3efb80","contentHash":"e35c12c44e00471b145c06e6b8e106bb_11.4.1"},"/sources/github/corymickelson/npdf/dist/reference.js":{"path":"/sources/github/corymickelson/npdf/dist/reference.js","statementMap":{"0":{"start":{"line":2,"column":0},"end":{"line":2,"column":62}},"1":{"start":{"line":21,"column":17},"end":{"line":21,"column":36}},"2":{"start":{"line":24,"column":8},"end":{"line":24,"column":35}},"3":{"start":{"line":27,"column":8},"end":{"line":27,"column":43}},"4":{"start":{"line":30,"column":8},"end":{"line":30,"column":44}},"5":{"start":{"line":33,"column":8},"end":{"line":33,"column":41}},"6":{"start":{"line":36,"column":8},"end":{"line":36,"column":42}},"7":{"start":{"line":39,"column":8},"end":{"line":40,"column":67}},"8":{"start":{"line":40,"column":12},"end":{"line":40,"column":67}},"9":{"start":{"line":41,"column":8},"end":{"line":41,"column":37}},"10":{"start":{"line":47,"column":8},"end":{"line":47,"column":43}},"11":{"start":{"line":50,"column":8},"end":{"line":50,"column":41}},"12":{"start":{"line":56,"column":8},"end":{"line":56,"column":60}},"13":{"start":{"line":59,"column":0},"end":{"line":59,"column":18}}},"fnMap":{"0":{"name":"(anonymous_0)","decl":{"start":{"line":23,"column":4},"end":{"line":23,"column":5}},"loc":{"start":{"line":23,"column":27},"end":{"line":25,"column":5}},"line":23},"1":{"name":"(anonymous_1)","decl":{"start":{"line":26,"column":4},"end":{"line":26,"column":5}},"loc":{"start":{"line":26,"column":23},"end":{"line":28,"column":5}},"line":26},"2":{"name":"(anonymous_2)","decl":{"start":{"line":29,"column":4},"end":{"line":29,"column":5}},"loc":{"start":{"line":29,"column":28},"end":{"line":31,"column":5}},"line":29},"3":{"name":"(anonymous_3)","decl":{"start":{"line":32,"column":4},"end":{"line":32,"column":5}},"loc":{"start":{"line":32,"column":21},"end":{"line":34,"column":5}},"line":32},"4":{"name":"(anonymous_4)","decl":{"start":{"line":35,"column":4},"end":{"line":35,"column":5}},"loc":{"start":{"line":35,"column":15},"end":{"line":37,"column":5}},"line":35},"5":{"name":"(anonymous_5)","decl":{"start":{"line":38,"column":4},"end":{"line":38,"column":5}},"loc":{"start":{"line":38,"column":18},"end":{"line":42,"column":5}},"line":38},"6":{"name":"(anonymous_6)","decl":{"start":{"line":46,"column":4},"end":{"line":46,"column":5}},"loc":{"start":{"line":46,"column":17},"end":{"line":48,"column":5}},"line":46},"7":{"name":"(anonymous_7)","decl":{"start":{"line":49,"column":4},"end":{"line":49,"column":5}},"loc":{"start":{"line":49,"column":15},"end":{"line":51,"column":5}},"line":49},"8":{"name":"(anonymous_8)","decl":{"start":{"line":55,"column":4},"end":{"line":55,"column":5}},"loc":{"start":{"line":55,"column":12},"end":{"line":57,"column":5}},"line":55}},"branchMap":{"0":{"loc":{"start":{"line":39,"column":8},"end":{"line":40,"column":67}},"type":"if","locations":[{"start":{"line":39,"column":8},"end":{"line":40,"column":67}},{"start":{"line":39,"column":8},"end":{"line":40,"column":67}}],"line":39}},"s":{"0":1,"1":1,"2":1,"3":0,"4":0,"5":0,"6":0,"7":0,"8":0,"9":0,"10":1,"11":0,"12":1,"13":1},"f":{"0":1,"1":0,"2":0,"3":0,"4":0,"5":0,"6":1,"7":0,"8":1},"b":{"0":[0,0]},"_coverageSchema":"332fd63041d2c1bcb487cc26dd0d5f7d97098a6c","hash":"95854c8e66523bbd5ac985aced537aeef9f336c2","contentHash":"14a74daf8754dac8d25611c2a02cee29_11.4.1"},"/sources/github/corymickelson/npdf/dist/page.js":{"path":"/sources/github/corymickelson/npdf/dist/page.js","statementMap":{"0":{"start":{"line":2,"column":0},"end":{"line":2,"column":62}},"1":{"start":{"line":21,"column":16},"end":{"line":21,"column":34}},"2":{"start":{"line":22,"column":15},"end":{"line":22,"column":32}},"3":{"start":{"line":23,"column":17},"end":{"line":23,"column":36}},"4":{"start":{"line":24,"column":21},"end":{"line":24,"column":44}},"5":{"start":{"line":27,"column":8},"end":{"line":27,"column":35}},"6":{"start":{"line":30,"column":28},"end":{"line":30,"column":50}},"7":{"start":{"line":31,"column":8},"end":{"line":31,"column":110}},"8":{"start":{"line":34,"column":8},"end":{"line":34,"column":30}},"9":{"start":{"line":35,"column":8},"end":{"line":35,"column":38}},"10":{"start":{"line":38,"column":8},"end":{"line":38,"column":37}},"11":{"start":{"line":41,"column":8},"end":{"line":41,"column":99}},"12":{"start":{"line":44,"column":8},"end":{"line":44,"column":36}},"13":{"start":{"line":47,"column":8},"end":{"line":47,"column":36}},"14":{"start":{"line":48,"column":8},"end":{"line":48,"column":37}},"15":{"start":{"line":51,"column":8},"end":{"line":51,"column":37}},"16":{"start":{"line":54,"column":8},"end":{"line":54,"column":36}},"17":{"start":{"line":55,"column":8},"end":{"line":55,"column":38}},"18":{"start":{"line":58,"column":8},"end":{"line":58,"column":39}},"19":{"start":{"line":61,"column":8},"end":{"line":63,"column":9}},"20":{"start":{"line":62,"column":12},"end":{"line":62,"column":68}},"21":{"start":{"line":64,"column":8},"end":{"line":64,"column":41}},"22":{"start":{"line":67,"column":28},"end":{"line":67,"column":62}},"23":{"start":{"line":68,"column":8},"end":{"line":68,"column":45}},"24":{"start":{"line":71,"column":28},"end":{"line":71,"column":57}},"25":{"start":{"line":72,"column":8},"end":{"line":72,"column":45}},"26":{"start":{"line":75,"column":34},"end":{"line":75,"column":62}},"27":{"start":{"line":76,"column":29},"end":{"line":76,"column":147}},"28":{"start":{"line":77,"column":8},"end":{"line":77,"column":33}},"29":{"start":{"line":80,"column":26},"end":{"line":80,"column":54}},"30":{"start":{"line":81,"column":8},"end":{"line":81,"column":102}},"31":{"start":{"line":84,"column":26},"end":{"line":84,"column":52}},"32":{"start":{"line":85,"column":8},"end":{"line":85,"column":102}},"33":{"start":{"line":88,"column":8},"end":{"line":88,"column":45}},"34":{"start":{"line":91,"column":8},"end":{"line":91,"column":46}},"35":{"start":{"line":94,"column":8},"end":{"line":94,"column":55}},"36":{"start":{"line":98,"column":8},"end":{"line":98,"column":65}},"37":{"start":{"line":101,"column":23},"end":{"line":101,"column":25}},"38":{"start":{"line":102,"column":22},"end":{"line":102,"column":41}},"39":{"start":{"line":103,"column":16},"end":{"line":103,"column":17}},"40":{"start":{"line":104,"column":8},"end":{"line":106,"column":9}},"41":{"start":{"line":105,"column":12},"end":{"line":105,"column":72}},"42":{"start":{"line":107,"column":8},"end":{"line":107,"column":22}},"43":{"start":{"line":110,"column":25},"end":{"line":110,"column":78}},"44":{"start":{"line":111,"column":8},"end":{"line":111,"column":53}},"45":{"start":{"line":114,"column":25},"end":{"line":114,"column":60}},"46":{"start":{"line":115,"column":8},"end":{"line":115,"column":53}},"47":{"start":{"line":118,"column":8},"end":{"line":118,"column":45}},"48":{"start":{"line":121,"column":22},"end":{"line":121,"column":41}},"49":{"start":{"line":122,"column":23},"end":{"line":122,"column":25}},"50":{"start":{"line":123,"column":8},"end":{"line":131,"column":9}},"51":{"start":{"line":124,"column":12},"end":{"line":130,"column":13}},"52":{"start":{"line":125,"column":29},"end":{"line":125,"column":50}},"53":{"start":{"line":126,"column":16},"end":{"line":126,"column":34}},"54":{"start":{"line":129,"column":16},"end":{"line":129,"column":24}},"55":{"start":{"line":132,"column":8},"end":{"line":132,"column":22}},"56":{"start":{"line":135,"column":8},"end":{"line":135,"column":47}},"57":{"start":{"line":138,"column":8},"end":{"line":143,"column":9}},"58":{"start":{"line":142,"column":12},"end":{"line":142,"column":64}},"59":{"start":{"line":146,"column":0},"end":{"line":146,"column":20}}},"fnMap":{"0":{"name":"(anonymous_0)","decl":{"start":{"line":26,"column":4},"end":{"line":26,"column":5}},"loc":{"start":{"line":26,"column":27},"end":{"line":28,"column":5}},"line":26},"1":{"name":"(anonymous_1)","decl":{"start":{"line":29,"column":4},"end":{"line":29,"column":5}},"loc":{"start":{"line":29,"column":18},"end":{"line":32,"column":5}},"line":29},"2":{"name":"(anonymous_2)","decl":{"start":{"line":33,"column":4},"end":{"line":33,"column":5}},"loc":{"start":{"line":33,"column":22},"end":{"line":36,"column":5}},"line":33},"3":{"name":"(anonymous_3)","decl":{"start":{"line":37,"column":4},"end":{"line":37,"column":5}},"loc":{"start":{"line":37,"column":17},"end":{"line":39,"column":5}},"line":37},"4":{"name":"(anonymous_4)","decl":{"start":{"line":40,"column":4},"end":{"line":40,"column":5}},"loc":{"start":{"line":40,"column":18},"end":{"line":42,"column":5}},"line":40},"5":{"name":"(anonymous_5)","decl":{"start":{"line":43,"column":4},"end":{"line":43,"column":5}},"loc":{"start":{"line":43,"column":16},"end":{"line":45,"column":5}},"line":43},"6":{"name":"(anonymous_6)","decl":{"start":{"line":46,"column":4},"end":{"line":46,"column":5}},"loc":{"start":{"line":46,"column":21},"end":{"line":49,"column":5}},"line":46},"7":{"name":"(anonymous_7)","decl":{"start":{"line":50,"column":4},"end":{"line":50,"column":5}},"loc":{"start":{"line":50,"column":17},"end":{"line":52,"column":5}},"line":50},"8":{"name":"(anonymous_8)","decl":{"start":{"line":53,"column":4},"end":{"line":53,"column":5}},"loc":{"start":{"line":53,"column":22},"end":{"line":56,"column":5}},"line":53},"9":{"name":"(anonymous_9)","decl":{"start":{"line":57,"column":4},"end":{"line":57,"column":5}},"loc":{"start":{"line":57,"column":19},"end":{"line":59,"column":5}},"line":57},"10":{"name":"(anonymous_10)","decl":{"start":{"line":60,"column":4},"end":{"line":60,"column":5}},"loc":{"start":{"line":60,"column":25},"end":{"line":65,"column":5}},"line":60},"11":{"name":"(anonymous_11)","decl":{"start":{"line":66,"column":4},"end":{"line":66,"column":5}},"loc":{"start":{"line":66,"column":24},"end":{"line":69,"column":5}},"line":66},"12":{"name":"(anonymous_12)","decl":{"start":{"line":70,"column":4},"end":{"line":70,"column":5}},"loc":{"start":{"line":70,"column":19},"end":{"line":73,"column":5}},"line":70},"13":{"name":"(anonymous_13)","decl":{"start":{"line":74,"column":4},"end":{"line":74,"column":5}},"loc":{"start":{"line":74,"column":18},"end":{"line":78,"column":5}},"line":74},"14":{"name":"(anonymous_14)","decl":{"start":{"line":79,"column":4},"end":{"line":79,"column":5}},"loc":{"start":{"line":79,"column":18},"end":{"line":82,"column":5}},"line":79},"15":{"name":"(anonymous_15)","decl":{"start":{"line":83,"column":4},"end":{"line":83,"column":5}},"loc":{"start":{"line":83,"column":16},"end":{"line":86,"column":5}},"line":83},"16":{"name":"(anonymous_16)","decl":{"start":{"line":87,"column":4},"end":{"line":87,"column":5}},"loc":{"start":{"line":87,"column":19},"end":{"line":89,"column":5}},"line":87},"17":{"name":"(anonymous_17)","decl":{"start":{"line":90,"column":4},"end":{"line":90,"column":5}},"loc":{"start":{"line":90,"column":20},"end":{"line":92,"column":5}},"line":90},"18":{"name":"(anonymous_18)","decl":{"start":{"line":93,"column":4},"end":{"line":93,"column":5}},"loc":{"start":{"line":93,"column":29},"end":{"line":95,"column":5}},"line":93},"19":{"name":"(anonymous_19)","decl":{"start":{"line":96,"column":4},"end":{"line":96,"column":5}},"loc":{"start":{"line":96,"column":20},"end":{"line":99,"column":5}},"line":96},"20":{"name":"(anonymous_20)","decl":{"start":{"line":100,"column":4},"end":{"line":100,"column":5}},"loc":{"start":{"line":100,"column":16},"end":{"line":108,"column":5}},"line":100},"21":{"name":"(anonymous_21)","decl":{"start":{"line":109,"column":4},"end":{"line":109,"column":5}},"loc":{"start":{"line":109,"column":33},"end":{"line":112,"column":5}},"line":109},"22":{"name":"(anonymous_22)","decl":{"start":{"line":113,"column":4},"end":{"line":113,"column":5}},"loc":{"start":{"line":113,"column":25},"end":{"line":116,"column":5}},"line":113},"23":{"name":"(anonymous_23)","decl":{"start":{"line":117,"column":4},"end":{"line":117,"column":5}},"loc":{"start":{"line":117,"column":19},"end":{"line":119,"column":5}},"line":117},"24":{"name":"(anonymous_24)","decl":{"start":{"line":120,"column":4},"end":{"line":120,"column":5}},"loc":{"start":{"line":120,"column":21},"end":{"line":133,"column":5}},"line":120},"25":{"name":"(anonymous_25)","decl":{"start":{"line":134,"column":4},"end":{"line":134,"column":5}},"loc":{"start":{"line":134,"column":28},"end":{"line":136,"column":5}},"line":134},"26":{"name":"(anonymous_26)","decl":{"start":{"line":137,"column":4},"end":{"line":137,"column":5}},"loc":{"start":{"line":137,"column":28},"end":{"line":144,"column":5}},"line":137}},"branchMap":{"0":{"loc":{"start":{"line":47,"column":8},"end":{"line":47,"column":36}},"type":"if","locations":[{"start":{"line":47,"column":8},"end":{"line":47,"column":36}},{"start":{"line":47,"column":8},"end":{"line":47,"column":36}}],"line":47},"1":{"loc":{"start":{"line":54,"column":8},"end":{"line":54,"column":36}},"type":"if","locations":[{"start":{"line":54,"column":8},"end":{"line":54,"column":36}},{"start":{"line":54,"column":8},"end":{"line":54,"column":36}}],"line":54},"2":{"loc":{"start":{"line":61,"column":8},"end":{"line":63,"column":9}},"type":"if","locations":[{"start":{"line":61,"column":8},"end":{"line":63,"column":9}},{"start":{"line":61,"column":8},"end":{"line":63,"column":9}}],"line":61},"3":{"loc":{"start":{"line":61,"column":12},"end":{"line":61,"column":38}},"type":"binary-expr","locations":[{"start":{"line":61,"column":12},"end":{"line":61,"column":22}},{"start":{"line":61,"column":26},"end":{"line":61,"column":38}}],"line":61},"4":{"loc":{"start":{"line":138,"column":8},"end":{"line":143,"column":9}},"type":"if","locations":[{"start":{"line":138,"column":8},"end":{"line":143,"column":9}},{"start":{"line":138,"column":8},"end":{"line":143,"column":9}}],"line":138},"5":{"loc":{"start":{"line":138,"column":12},"end":{"line":141,"column":31}},"type":"binary-expr","locations":[{"start":{"line":138,"column":12},"end":{"line":138,"column":32}},{"start":{"line":139,"column":12},"end":{"line":139,"column":32}},{"start":{"line":140,"column":12},"end":{"line":140,"column":30}},{"start":{"line":141,"column":12},"end":{"line":141,"column":31}}],"line":138}},"s":{"0":1,"1":1,"2":1,"3":1,"4":1,"5":7,"6":1,"7":1,"8":0,"9":0,"10":1,"11":0,"12":1,"13":0,"14":0,"15":4,"16":0,"17":0,"18":2,"19":1,"20":0,"21":1,"22":1,"23":1,"24":1,"25":1,"26":0,"27":0,"28":0,"29":0,"30":0,"31":0,"32":0,"33":5,"34":1,"35":0,"36":5,"37":3,"38":3,"39":3,"40":3,"41":40,"42":3,"43":1,"44":1,"45":1,"46":1,"47":1,"48":0,"49":0,"50":0,"51":0,"52":0,"53":0,"54":0,"55":0,"56":0,"57":0,"58":0,"59":1},"f":{"0":7,"1":1,"2":0,"3":1,"4":0,"5":1,"6":0,"7":4,"8":0,"9":2,"10":1,"11":1,"12":1,"13":0,"14":0,"15":0,"16":5,"17":1,"18":0,"19":5,"20":3,"21":1,"22":1,"23":1,"24":0,"25":0,"26":0},"b":{"0":[0,0],"1":[0,0],"2":[0,1],"3":[1,1],"4":[0,0],"5":[0,0,0,0]},"_coverageSchema":"332fd63041d2c1bcb487cc26dd0d5f7d97098a6c","hash":"8bb314700b8d4bce935de73776b12c195427d2b5","contentHash":"61cbe34944a15c73c05bb8d2f6a49b74_11.4.1"},"/sources/github/corymickelson/npdf/dist/field.js":{"path":"/sources/github/corymickelson/npdf/dist/field.js","statementMap":{"0":{"start":{"line":2,"column":0},"end":{"line":2,"column":62}},"1":{"start":{"line":21,"column":19},"end":{"line":21,"column":40}},"2":{"start":{"line":22,"column":17},"end":{"line":22,"column":36}},"3":{"start":{"line":23,"column":15},"end":{"line":23,"column":32}},"4":{"start":{"line":26,"column":8},"end":{"line":26,"column":35}},"5":{"start":{"line":29,"column":8},"end":{"line":29,"column":40}},"6":{"start":{"line":32,"column":8},"end":{"line":32,"column"
[...]
66,"column":5}},"line":64},"12":{"name":"(anonymous_12)","decl":{"start":{"line":70,"column":4},"end":{"line":70,"column":5}},"loc":{"start":{"line":70,"column":33},"end":{"line":74,"column":5}},"line":70},"13":{"name":"(anonymous_13)","decl":{"start":{"line":80,"column":4},"end":{"line":80,"column":5}},"loc":{"start":{"line":80,"column":16},"end":{"line":85,"column":5}},"line":80},"14":{"name":"(anonymous_14)","decl":{"start":{"line":86,"column":4},"end":{"line":86,"column":5}},"loc":{"start":{"line":86,"column":15},"end":{"line":88,"column":5}},"line":86},"15":{"name":"(anonymous_15)","decl":{"start":{"line":89,"column":4},"end":{"line":89,"column":5}},"loc":{"start":{"line":89,"column":20},"end":{"line":91,"column":5}},"line":89},"16":{"name":"(anonymous_16)","decl":{"start":{"line":92,"column":4},"end":{"line":92,"column":5}},"loc":{"start":{"line":92,"column":22},"end":{"line":94,"column":5}},"line":92},"17":{"name":"(anonymous_17)","decl":{"start":{"line":95,"column":4},"end":{"line":95,"column":5}},"loc":{"start":{"line":95,"column":23},"end":{"line":97,"column":5}},"line":95},"18":{"name":"(anonymous_18)","decl":{"start":{"line":98,"column":4},"end":{"line":98,"column":5}},"loc":{"start":{"line":98,"column":27},"end":{"line":100,"column":5}},"line":98},"19":{"name":"(anonymous_19)","decl":{"start":{"line":101,"column":4},"end":{"line":101,"column":5}},"loc":{"start":{"line":101,"column":21},"end":{"line":103,"column":5}},"line":101},"20":{"name":"(anonymous_20)","decl":{"start":{"line":104,"column":4},"end":{"line":104,"column":5}},"loc":{"start":{"line":104,"column":20},"end":{"line":106,"column":5}},"line":104},"21":{"name":"(anonymous_21)","decl":{"start":{"line":108,"column":4},"end":{"line":108,"column":5}},"loc":{"start":{"line":108,"column":21},"end":{"line":116,"column":5}},"line":108},"22":{"name":"(anonymous_22)","decl":{"start":{"line":117,"column":4},"end":{"line":117,"column":5}},"loc":{"start":{"line":117,"column":22},"end":{"line":119,"column":5}},"line":117},"23":{"name":"(anonymous_23)","decl":{"start":{"line":120,"column":4},"end":{"line":120,"column":5}},"loc":{"start":{"line":120,"column":22},"end":{"line":128,"column":5}},"line":120},"24":{"name":"(anonymous_24)","decl":{"start":{"line":129,"column":4},"end":{"line":129,"column":5}},"loc":{"start":{"line":129,"column":23},"end":{"line":131,"column":5}},"line":129},"25":{"name":"(anonymous_25)","decl":{"start":{"line":136,"column":4},"end":{"line":136,"column":5}},"loc":{"start":{"line":136,"column":24},"end":{"line":138,"column":5}},"line":136},"26":{"name":"(anonymous_26)","decl":{"start":{"line":144,"column":4},"end":{"line":144,"column":5}},"loc":{"start":{"line":144,"column":25},"end":{"line":146,"column":5}},"line":144},"27":{"name":"(anonymous_27)","decl":{"start":{"line":148,"column":4},"end":{"line":148,"column":5}},"loc":{"start":{"line":148,"column":20},"end":{"line":150,"column":5}},"line":148},"28":{"name":"(anonymous_28)","decl":{"start":{"line":151,"column":4},"end":{"line":151,"column":5}},"loc":{"start":{"line":151,"column":17},"end":{"line":153,"column":5}},"line":151},"29":{"name":"(anonymous_29)","decl":{"start":{"line":154,"column":4},"end":{"line":154,"column":5}},"loc":{"start":{"line":154,"column":24},"end":{"line":156,"column":5}},"line":154},"30":{"name":"(anonymous_30)","decl":{"start":{"line":158,"column":4},"end":{"line":158,"column":5}},"loc":{"start":{"line":158,"column":25},"end":{"line":163,"column":5}},"line":158},"31":{"name":"(anonymous_31)","decl":{"start":{"line":164,"column":4},"end":{"line":164,"column":5}},"loc":{"start":{"line":164,"column":18},"end":{"line":166,"column":5}},"line":164},"32":{"name":"(anonymous_32)","decl":{"start":{"line":167,"column":4},"end":{"line":167,"column":5}},"loc":{"start":{"line":167,"column":15},"end":{"line":169,"column":5}},"line":167},"33":{"name":"(anonymous_33)","decl":{"start":{"line":170,"column":4},"end":{"line":170,"column":5}},"loc":{"start":{"line":170,"column":19},"end":{"line":172,"column":5}},"line":170},"34":{"name":"(anonymous_34)","decl":{"start":{"line":173,"column":4},"end":{"line":173,"column":5}},"loc":{"start":{"line":173,"column":20},"end":{"line":175,"column":5}},"line":173},"35":{"name":"(anonymous_35)","decl":{"start":{"line":176,"column":4},"end":{"line":176,"column":5}},"loc":{"start":{"line":176,"column":17},"end":{"line":178,"column":5}},"line":176},"36":{"name":"(anonymous_36)","decl":{"start":{"line":179,"column":4},"end":{"line":179,"column":5}},"loc":{"start":{"line":179,"column":18},"end":{"line":181,"column":5}},"line":179}},"branchMap":{"0":{"loc":{"start":{"line":81,"column":8},"end":{"line":83,"column":9}},"type":"if","locations":[{"start":{"line":81,"column":8},"end":{"line":83,"column":9}},{"start":{"line":81,"column":8},"end":{"line":83,"column":9}}],"line":81},"1":{"loc":{"start":{"line":109,"column":8},"end":{"line":111,"column":9}},"type":"if","locations":[{"start":{"line":109,"column":8},"end":{"line":111,"column":9}},{"start":{"line":109,"column":8},"end":{"line":111,"column":9}}],"line":109},"2":{"loc":{"start":{"line":112,"column":8},"end":{"line":114,"column":9}},"type":"if","locations":[{"start":{"line":112,"column":8},"end":{"line":114,"column":9}},{"start":{"line":112,"column":8},"end":{"line":114,"column":9}}],"line":112},"3":{"loc":{"start":{"line":121,"column":8},"end":{"line":123,"column":9}},"type":"if","locations":[{"start":{"line":121,"column":8},"end":{"line":123,"column":9}},{"start":{"line":121,"column":8},"end":{"line":123,"column":9}}],"line":121},"4":{"loc":{"start":{"line":124,"column":8},"end":{"line":126,"column":9}},"type":"if","locations":[{"start":{"line":124,"column":8},"end":{"line":126,"column":9}},{"start":{"line":124,"column":8},"end":{"line":126,"column":9}}],"line":124},"5":{"loc":{"start":{"line":159,"column":8},"end":{"line":161,"column":9}},"type":"if","locations":[{"start":{"line":159,"column":8},"end":{"line":161,"column":9}},{"start":{"line":159,"column":8},"end":{"line":161,"column":9}}],"line":159}},"s":{"0":1,"1":1,"2":1,"3":25,"4":25,"5":25,"6":0,"7":0,"8":0,"9":25,"10":0,"11":0,"12":0,"13":0,"14":0,"15":0,"16":0,"17":0,"18":1,"19":1,"20":1,"21":1,"22":1,"23":0,"24":1,"25":0,"26":0,"27":0,"28":0,"29":1,"30":0,"31":0,"32":0,"33":0,"34":0,"35":0,"36":0,"37":1,"38":0,"39":0,"40":0,"41":0,"42":0,"43":1,"44":0,"45":0,"46":0,"47":0,"48":0,"49":1,"50":0,"51":1,"52":0,"53":0,"54":0,"55":0,"56":0,"57":0,"58":1},"f":{"0":25,"1":0,"2":0,"3":25,"4":0,"5":0,"6":0,"7":0,"8":0,"9":0,"10":0,"11":0,"12":1,"13":1,"14":0,"15":0,"16":0,"17":0,"18":1,"19":0,"20":0,"21":0,"22":1,"23":0,"24":1,"25":0,"26":0,"27":0,"28":0,"29":0,"30":1,"31":0,"32":0,"33":0,"34":0,"35":0,"36":0},"b":{"0":[0,1],"1":[0,0],"2":[0,0],"3":[0,0],"4":[0,0],"5":[0,1]},"_coverageSchema":"332fd63041d2c1bcb487cc26dd0d5f7d97098a6c","hash":"627be23b98194609828a16925f8da624b9e5d61a","contentHash":"be6930412732f8b6f8a377b8f89e3359_11.4.1"},"/sources/github/corymickelson/npdf/dist/parser.spec.js":{"path":"/sources/github/corymickelson/npdf/dist/parser.spec.js","statementMap":{"0":{"start":{"line":2,"column":0},"end":{"line":2,"column":62}},"1":{"start":{"line":3,"column":17},"end":{"line":3,"column":36}},"2":{"start":{"line":4,"column":15},"end":{"line":4,"column":30}},"3":{"start":{"line":5,"column":19},"end":{"line":5,"column":40}},"4":{"start":{"line":6,"column":13},"end":{"line":6,"column":28}},"5":{"start":{"line":7,"column":0},"end":{"line":17,"column":3}},"6":{"start":{"line":8,"column":21},"end":{"line":8,"column":73}},"7":{"start":{"line":8,"column":81},"end":{"line":8,"column":114}},"8":{"start":{"line":9,"column":4},"end":{"line":16,"column":7}},"9":{"start":{"line":10,"column":8},"end":{"line":11,"column":21}},"10":{"start":{"line":11,"column":12},"end":{"line":11,"column":21}},"11":{"start":{"line":12,"column":21},"end":{"line":12,"column":35}},"12":{"start":{"line":12,"column":49},"end":{"line":12,"column":90}},"13":{"start":{"line":13,"column":29},"end":{"line":13,"column":55}},"14":{"start":{"line":14,"column":8},"end":{"line":14,"column":46}},"15":{"start":{"line":15,"column":8},"end":{"line":15,"column":16}}},"fnMap":{"0":{"name":"(anonymous_0)","decl":{"start":{"line":7,"column":51},"end":{"line":7,"column":52}},"loc":{"start":{"line":7,"column":56},"end":{"line":17,"column":1}},"line":7},"1":{"name":"(anonymous_1)","decl":{"start":{"line":9,"column":20},"end":{"line":9,"column":21}},"loc":{"start":{"line":9,"column":25},"end":{"line":16,"column":5}},"line":9}},"branchMap":{"0":{"loc":{"start":{"line":10,"column":8},"end":{"line":11,"column":21}},"type":"if","locations":[{"start":{"line":10,"column":8},"end":{"line":11,"column":21}},{"start":{"line":10,"column":8},"end":{"line":11,"column":21}}],"line":10}},"s":{"0":1,"1":1,"2":1,"3":1,"4":1,"5":1,"6":1,"7":1,"8":1,"9":1,"10":0,"11":1,"12":1,"13":1,"14":1,"15":1},"f":{"0":1,"1":1},"b":{"0":[0,1]},"_coverageSchema":"332fd63041d2c1bcb487cc26dd0d5f7d97098a6c","hash":"b7d7fb1d60e7a586caf10532ffdef219c4b27807","contentHash":"75d43cb5d69a6744216e3aa77e116e81_11.4.1"},"/sources/github/corymickelson/npdf/dist/signer.spec.js":{"path":"/sources/github/corymickelson/npdf/dist/signer.spec.js","statementMap":{"0":{"start":{"line":2,"column":16},"end":{"line":9,"column":1}},"1":{"start":{"line":3,"column":4},"end":{"line":8,"column":7}},"2":{"start":{"line":4,"column":36},"end":{"line":4,"column":97}},"3":{"start":{"line":4,"column":42},"end":{"line":4,"column":70}},"4":{"start":{"line":4,"column":85},"end":{"line":4,"column":95}},"5":{"start":{"line":5,"column":35},"end":{"line":5,"column":100}},"6":{"start":{"line":5,"column":41},"end":{"line":5,"column":73}},"7":{"start":{"line":5,"column":88},"end":{"line":5,"column":98}},"8":{"start":{"line":6,"column":32},"end":{"line":6,"column":149}},"9":{"start":{"line":6,"column":97},"end":{"line":6,"column":119}},"10":{"start":{"line":7,"column":8},"end":{"line":7,"column":78}},"11":{"start":{"line":10,"column":0},"end":{"line":10,"column":62}},"12":{"start":{"line":11,"column":12},"end":{"line":11,"column":27}},"13":{"start":{"line":12,"column":19},"end":{"line":12,"column":40}},"14":{"start":{"line":13,"column":16},"end":{"line":13,"column":34}},"15":{"start":{"line":14,"column":21},"end":{"line":14,"column":44}},"16":{"start":{"line":15,"column":15},"end":{"line":15,"column":32}},"17":{"start":{"line":16,"column":15},"end":{"line":16,"column":30}},"18":{"start":{"line":17,"column":15},"end":{"line":17,"column":32}},"19":{"start":{"line":18,"column":17},"end":{"line":18,"column":36}},"20":{"start":{"line":19,"column":0},"end":{"line":70,"column":3}},"21":{"start":{"line":20,"column":16},"end":{"line":20,"column":99}},"22":{"start":{"line":21,"column":4},"end":{"line":69,"column":8}},"23":{"start":{"line":21,"column":27},"end":{"line":69,"column":6}},"24":{"start":{"line":22,"column":8},"end":{"line":68,"column":11}},"25":{"start":{"line":23,"column":12},"end":{"line":23,"column":29}},"26":{"start":{"line":24,"column":12},"end":{"line":25,"column":24}},"27":{"start":{"line":25,"column":16},"end":{"line":25,"column":24}},"28":{"start":{"line":26,"column":12},"end":{"line":67,"column":13}},"29":{"start":{"line":27,"column":27},"end":{"line":27,"column":47}},"30":{"start":{"line":27,"column":60},"end":{"line":27,"column":87}},"31":{"start":{"line":28,"column":16},"end":{"line":35,"column":17}},"32":{"start":{"line":31,"column":20},"end":{"line":33,"column":21}},"33":{"start":{"line":32,"column":24},"end":{"line":32,"column":52}},"34":{"start":{"line":34,"column":20},"end":{"line":34,"column":45}},"35":{"start":{"line":36,"column":16},"end":{"line":37,"column":49}},"36":{"start":{"line":37,"column":20},"end":{"line":37,"column":49}},"37":{"start":{"line":38,"column":29},"end":{"line":38,"column":60}},"38":{"start":{"line":38,"column":69},"end":{"line":38,"column":83}},"39":{"start":{"line":38,"column":93},"end":{"line":38,"column":156}},"40":{"start":{"line":39,"column":16},"end":{"line":39,"column":112}},"41":{"start":{"line":40,"column":30},"end":{"line":40,"column":74}},"42":{"start":{"line":40,"column":92},"end":{"line":40,"column":224}},"43":{"start":{"line":41,"column":16},"end":{"line":41,"column":40}},"44":{"start":{"line":42,"column":16},"end":{"line":42,"column":42}},"45":{"start":{"line":43,"column":16},"end":{"line":43,"column":39}},"46":{"start":{"line":44,"column":16},"end":{"line":44,"column":50}},"47":{"start":{"line":45,"column":16},"end":{"line":45,"column":32}},"48":{"start":{"line":46,"column":29},"end":{"line":46,"column":53}},"49":{"start":{"line":47,"column":16},"end":{"line":47,"column":39}},"50":{"start":{"line":48,"column":33},"end":{"line":48,"column":50}},"51":{"start":{"line":49,"column":16},"end":{"line":49,"column":59}},"52":{"start":{"line":50,"column":29},"end":{"line":50,"column":64}},"53":{"start":{"line":51,"column":16},"end":{"line":63,"column":19}},"54":{"start":{"line":52,"column":20},"end":{"line":53,"column":49}},"55":{"start":{"line":53,"column":24},"end":{"line":53,"column":49}},"56":{"start":{"line":54,"column":39},"end":{"line":54,"column":53}},"57":{"start":{"line":54,"column":64},"end":{"line":54,"column":86}},"58":{"start":{"line":55,"column":51},"end":{"line":55,"column":105}},"59":{"start":{"line":55,"column":70},"end":{"line":55,"column":104}},"60":{"start":{"line":56,"column":20},"end":{"line":62,"column":62}},"61":{"start":{"line":57,"column":24},"end":{"line":57,"column":67}},"62":{"start":{"line":58,"column":25},"end":{"line":62,"column":62}},"63":{"start":{"line":59,"column":24},"end":{"line":59,"column":57}},"64":{"start":{"line":62,"column":24},"end":{"line":62,"column":62}},"65":{"start":{"line":66,"column":16},"end":{"line":66,"column":33}}},"fnMap":{"0":{"name":"(anonymous_0)","decl":{"start":{"line":2,"column":44},"end":{"line":2,"column":45}},"loc":{"start":{"line":2,"column":89},"end":{"line":9,"column":1}},"line":2},"1":{"name":"(anonymous_1)","decl":{"start":{"line":3,"column":36},"end":{"line":3,"column":37}},"loc":{"start":{"line":3,"column":63},"end":{"line":8,"column":5}},"line":3},"2":{"name":"fulfilled","decl":{"start":{"line":4,"column":17},"end":{"line":4,"column":26}},"loc":{"start":{"line":4,"column":34},"end":{"line":4,"column":99}},"line":4},"3":{"name":"rejected","decl":{"start":{"line":5,"column":17},"end":{"line":5,"column":25}},"loc":{"start":{"line":5,"column":33},"end":{"line":5,"column":102}},"line":5},"4":{"name":"step","decl":{"start":{"line":6,"column":17},"end":{"line":6,"column":21}},"loc":{"start":{"line":6,"column":30},"end":{"line":6,"column":151}},"line":6},"5":{"name":"(anonymous_5)","decl":{"start":{"line":6,"column":76},"end":{"line":6,"column":77}},"loc":{"start":{"line":6,"column":95},"end":{"line":6,"column":121}},"line":6},"6":{"name":"(anonymous_6)","decl":{"start":{"line":19,"column":14},"end":{"line":19,"column":15}},"loc":{"start":{"line":19,"column":21},"end":{"line":70,"column":1}},"line":19},"7":{"name":"(anonymous_7)","decl":{"start":{"line":21,"column":20},"end":{"line":21,"column":21}},"loc":{"start":{"line":21,"column":27},"end":{"line":69,"column":6}},"line":21},"8":{"name":"(anonymous_8)","decl":{"start":{"line":21,"column":59},"end":{"line":21,"column":60}},"loc":{"start":{"line":21,"column":72},"end":{"line":69,"column":5}},"line":21},"9":{"name":"(anonymous_9)","decl":{"start":{"line":22,"column":30},"end":{"line":22,"column":31}},"loc":{"start":{"line":22,"column":42},"end":{"line":68,"column":9}},"line":22},"10":{"name":"(anonymous_10)","decl":{"start":{"line":51,"column":35},"end":{"line":51,"column":36}},"loc":{"start":{"line":51,"column":40},"end":{"line":63,"column":17}},"line":51},"11":{"name":"(anonymous_11)","decl":{"start":{"line":55,"column":65},"end":{"line":55,"column":66}},"loc":{"start":{"line":55,"column":70},"end":{"line":55,"column":104}},"line":55}},"branchMap":{"0":{"loc":{"start":{"line":2,"column":16},"end":{"line":9,"column":1}},"type":"binary-expr","locations":[{"start":{"line":2,"column":17},"end":{"line":2,"column":21}},{"start":{"line":2,"column":25},"end":{"line":2,"column":39}},{"start":{"line":2,"column":44},"end":{"line":9,"column":1}}],"line":2},"1":{"loc":{"start":{"line":3,"column":16},"end":{"line":3,"column":34}},"type":"binary-expr","locations":[{"start":{"line":3,"column":16},"end":{"line":3,"column":17}},{"start":{"line":3,"column":22},"end":{"line":3,"column":33}}],"line":3},"2":{"loc":{"start":{"line":6,"column":32},"end":{"line":6,"column":148}},"type":"cond-expr","locations":[{"start":{"line":6,"column":46},"end":{"line":6,"column":67}},{"start":{"line":6,"column":70},"end":{"line":6,"column":148}}],"line":6},"3":{"loc":{"start":{"line":7,"column":51},"end":{"line":7,"column":67}},"type":"binary-expr","locations":[{"start":{"line":7,"column":51},"end":{"line":7,"column":61}},{"start":{"line":7,"column":65},"end":{"line":7,"column":67}}],"line":7},"4":{"loc":{"start":{"line":24,"column":12},"end":{"line":25,"column":24}},"type":"if","locations":[{"start":{"line":24,"column":12},"end":{"line":25,"column":24}},{"start":{"line":24,"column":12},"end":{"line":25,"column":24}}],"line":24},"5":{"loc":{"start":{"line":28,"column":16},"end":{"line":35,"column":17}},"type":"if","locations":[{"start":{"line":28,"column":16},"end":{"line":35,"column":17}},{"start":{"line":28,"column":16},"end":{"line":35,"column":17}}],"line":28},"6":{"loc":{"start":{"line":28,"column":20},"end":{"line":30,"column":57}},"type":"binary-expr","locations":[{"start":{"line":28,"column":20},"end":{"line":28,"column":41}},{"start":{"line":29,"column":20},"end":{"line":29,"column":58}},{"start":{"line":30,"column":20},"end":{"line":30,"column":57}}],"line":28},"7":{"loc":{"start":{"line":31,"column":20},"end":{"line":33,"column":21}},"type":"if","locations":[{"start":{"line":31,"column":20},"end":{"line":33,"column":21}},{"start":{"line":31,"column":20},"end":{"line":33,"column":21}}],"line":31},"8":{"loc":{"start":{"line":36,"column":16},"end":{"line":37,"column":49}},"type":"if","locations":[{"start":{"line":36,"column":16},"end":{"line":37,"column":49}},{"start":{"line":36,"column":16},"end":{"line":37,"column":49}}],"line":36},"9":{"loc":{"start":{"line":52,"column":20},"end":{"line":53,"column":49}},"type":"if","locations":[{"start":{"line":52,"column":20},"end":{"line":53,"column":49}},{"start":{"line":52,"column":20},"end":{"line":53,"column":49}}],"line":52},"10":{"loc":{"start":{"line":56,"column":20},"end":{"line":62,"column":62}},"type":"if","locations":[{"start":{"line":56,"column":20},"end":{"line":62,"column":62}},{"start":{"line":56,"column":20},"end":{"line":62,"column":62}}],"line":56},"11":{"loc":{"start":{"line":56,"column":24},"end":{"line":56,"column":90}},"type":"binary-expr","locations":[{"start":{"line":56,"column":24},"end":{"line":56,"column":49}},{"start":{"line":56,"column":53},"end":{"line":56,"column":90}}],"line":56},"12":{"loc":{"start":{"line":58,"column":25},"end":{"line":62,"column":62}},"type":"if","locations":[{"start":{"line":58,"column":25},"end":{"line":62,"column":62}},{"start":{"line":58,"column":25},"end":{"line":62,"column":62}}],"line":58}},"s":{"0":1,"1":1,"2":0,"3":0,"4":0,"5":0,"6":0,"7":0,"8":1,"9":0,"10":1,"11":1,"12":1,"13":1,"14":1,"15":1,"16":1,"17":1,"18":1,"19":1,"20":1,"21":1,"22":1,"23":1,"24":1,"25":1,"26":1,"27":0,"28":1,"29":1,"30":1,"31":1,"32":1,"33":1,"34":1,"35":1,"36":0,"37":1,"38":1,"39":1,"40":1,"41":1,"42":1,"43":1,"44":1,"45":1,"46":1,"47":1,"48":1,"49":1,"50":1,"51":1,"52":1,"53":1,"54":1,"55":0,"56":1,"57":1,"58":1,"59":1,"60":1,"61":0,"62":1,"63":1,"64":0,"65":0},"f":{"0":1,"1":1,"2":0,"3":0,"4":1,"5":0,"6":1,"7":1,"8":1,"9":1,"10":1,"11":1},"b":{"0":[1,1,1],"1":[1,1],"2":[1,0],"3":[1,1],"4":[0,1],"5":[1,0],"6":[1,1,1],"7":[1,0],"8":[0,1],"9":[0,1],"10":[0,1],"11":[1,1],"12":[1,0]},"_coverageSchema":"332fd63041d2c1bcb487cc26dd0d5f7d97098a6c","hash":"3863a8eab87d42c7bfb83c8bb4b75c33b4d0881b","contentHash":"92798db6e41f0fb101396e1cd1268fc1_11.4.1"}}